Determining if the pthread_create exist failed with the following output:
Change Dir: /home/bobododo/GNC/MSF/shenlan-MSF/chapter4/catkin_ws/src/lidar_localization/cmake-build-debug/CMakeFiles/CMakeTmp

Run Build Command(s):/usr/bin/make cmTC_7f51b/fast 
/usr/bin/make -f CMakeFiles/cmTC_7f51b.dir/build.make CMakeFiles/cmTC_7f51b.dir/build
make[1]: 进入目录“/home/bobododo/GNC/MSF/shenlan-MSF/chapter4/catkin_ws/src/lidar_localization/cmake-build-debug/CMakeFiles/CMakeTmp”
Building C object CMakeFiles/cmTC_7f51b.dir/CheckSymbolExists.c.o
/usr/bin/cc    -o CMakeFiles/cmTC_7f51b.dir/CheckSymbolExists.c.o   -c /home/bobododo/GNC/MSF/shenlan-MSF/chapter4/catkin_ws/src/lidar_localization/cmake-build-debug/CMakeFiles/CMakeTmp/CheckSymbolExists.c
Linking C executable cmTC_7f51b
/home/bobododo/install/clion-2019.1.4/bin/cmake/linux/bin/cmake -E cmake_link_script CMakeFiles/cmTC_7f51b.dir/link.txt --verbose=1
/usr/bin/cc      CMakeFiles/cmTC_7f51b.dir/CheckSymbolExists.c.o  -o cmTC_7f51b 
CMakeFiles/cmTC_7f51b.dir/CheckSymbolExists.c.o：在函数‘main’中：
CheckSymbolExists.c:(.text+0x1b)：对‘pthread_create’未定义的引用
collect2: error: ld returned 1 exit status
CMakeFiles/cmTC_7f51b.dir/build.make:86: recipe for target 'cmTC_7f51b' failed
make[1]: *** [cmTC_7f51b] Error 1
make[1]: 离开目录“/home/bobododo/GNC/MSF/shenlan-MSF/chapter4/catkin_ws/src/lidar_localization/cmake-build-debug/CMakeFiles/CMakeTmp”
Makefile:121: recipe for target 'cmTC_7f51b/fast' failed
make: *** [cmTC_7f51b/fast] Error 2

File /home/bobododo/GNC/MSF/shenlan-MSF/chapter4/catkin_ws/src/lidar_localization/cmake-build-debug/CMakeFiles/CMakeTmp/CheckSymbolExists.c:
/* */
#include <pthread.h>

int main(int argc, char** argv)
{
  (void)argv;
#ifndef pthread_create
  return ((int*)(&pthread_create))[argc];
#else
  (void)argc;
  return 0;
#endif
}

Determining if the function pthread_create exists in the pthreads failed with the following output:
Change Dir: /home/bobododo/GNC/MSF/shenlan-MSF/chapter4/catkin_ws/src/lidar_localization/cmake-build-debug/CMakeFiles/CMakeTmp

Run Build Command(s):/usr/bin/make cmTC_ecf8d/fast 
/usr/bin/make -f CMakeFiles/cmTC_ecf8d.dir/build.make CMakeFiles/cmTC_ecf8d.dir/build
make[1]: 进入目录“/home/bobododo/GNC/MSF/shenlan-MSF/chapter4/catkin_ws/src/lidar_localization/cmake-build-debug/CMakeFiles/CMakeTmp”
Building C object CMakeFiles/cmTC_ecf8d.dir/CheckFunctionExists.c.o
/usr/bin/cc   -DCHECK_FUNCTION_EXISTS=pthread_create   -o CMakeFiles/cmTC_ecf8d.dir/CheckFunctionExists.c.o   -c /home/bobododo/install/clion-2019.1.4/bin/cmake/linux/share/cmake-3.14/Modules/CheckFunctionExists.c
Linking C executable cmTC_ecf8d
/home/bobododo/install/clion-2019.1.4/bin/cmake/linux/bin/cmake -E cmake_link_script CMakeFiles/cmTC_ecf8d.dir/link.txt --verbose=1
/usr/bin/cc  -DCHECK_FUNCTION_EXISTS=pthread_create    CMakeFiles/cmTC_ecf8d.dir/CheckFunctionExists.c.o  -o cmTC_ecf8d -lpthreads 
/usr/bin/ld: 找不到 -lpthreads
collect2: error: ld returned 1 exit status
CMakeFiles/cmTC_ecf8d.dir/build.make:86: recipe for target 'cmTC_ecf8d' failed
make[1]: *** [cmTC_ecf8d] Error 1
make[1]: 离开目录“/home/bobododo/GNC/MSF/shenlan-MSF/chapter4/catkin_ws/src/lidar_localization/cmake-build-debug/CMakeFiles/CMakeTmp”
Makefile:121: recipe for target 'cmTC_ecf8d/fast' failed
make: *** [cmTC_ecf8d/fast] Error 2


