Symlinking /home/bobododo/GNC/MSF/shenlan-MSF/chapter4/catkin_ws/devel/lib/pkgconfig/lidar_localization.pc
Symlinking /home/bobododo/GNC/MSF/shenlan-MSF/chapter4/catkin_ws/devel/lib/lidar_localization/back_end_node
Symlinking /home/bobododo/GNC/MSF/shenlan-MSF/chapter4/catkin_ws/devel/lib/lidar_localization/test_frame_node
Symlinking /home/bobododo/GNC/MSF/shenlan-MSF/chapter4/catkin_ws/devel/lib/lidar_localization/front_end_node
Symlinking /home/bobododo/GNC/MSF/shenlan-MSF/chapter4/catkin_ws/devel/lib/lidar_localization/loop_closing_node
Symlinking /home/bobododo/GNC/MSF/shenlan-MSF/chapter4/catkin_ws/devel/lib/lidar_localization/data_pretreat_node
Symlinking /home/bobododo/GNC/MSF/shenlan-MSF/chapter4/catkin_ws/devel/lib/lidar_localization/viewer_node
Symlinking /home/bobododo/GNC/MSF/shenlan-MSF/chapter4/catkin_ws/devel/lib/lidar_localization/matching_node
Symlinking /home/bobododo/GNC/MSF/shenlan-MSF/chapter4/catkin_ws/devel/lib/python2.7/dist-packages/lidar_localization/__init__.py
Symlinking /home/bobododo/GNC/MSF/shenlan-MSF/chapter4/catkin_ws/devel/lib/python2.7/dist-packages/lidar_localization/srv/_saveScanContext.py
Symlinking /home/bobododo/GNC/MSF/shenlan-MSF/chapter4/catkin_ws/devel/lib/python2.7/dist-packages/lidar_localization/srv/__init__.py
Symlinking /home/bobododo/GNC/MSF/shenlan-MSF/chapter4/catkin_ws/devel/lib/python2.7/dist-packages/lidar_localization/srv/_optimizeMap.py
Symlinking /home/bobododo/GNC/MSF/shenlan-MSF/chapter4/catkin_ws/devel/lib/python2.7/dist-packages/lidar_localization/srv/_saveMap.py
Symlinking /home/bobododo/GNC/MSF/shenlan-MSF/chapter4/catkin_ws/devel/share/roseus/ros/lidar_localization/manifest.l
Symlinking /home/bobododo/GNC/MSF/shenlan-MSF/chapter4/catkin_ws/devel/share/roseus/ros/lidar_localization/srv/saveScanContext.l
Symlinking /home/bobododo/GNC/MSF/shenlan-MSF/chapter4/catkin_ws/devel/share/roseus/ros/lidar_localization/srv/optimizeMap.l
Symlinking /home/bobododo/GNC/MSF/shenlan-MSF/chapter4/catkin_ws/devel/share/roseus/ros/lidar_localization/srv/saveMap.l
Symlinking /home/bobododo/GNC/MSF/shenlan-MSF/chapter4/catkin_ws/devel/share/common-lisp/ros/lidar_localization/srv/_package.lisp
Symlinking /home/bobododo/GNC/MSF/shenlan-MSF/chapter4/catkin_ws/devel/share/common-lisp/ros/lidar_localization/srv/_package_saveScanContext.lisp
Symlinking /home/bobododo/GNC/MSF/shenlan-MSF/chapter4/catkin_ws/devel/share/common-lisp/ros/lidar_localization/srv/saveScanContext.lisp
Symlinking /home/bobododo/GNC/MSF/shenlan-MSF/chapter4/catkin_ws/devel/share/common-lisp/ros/lidar_localization/srv/_package_saveMap.lisp
Symlinking /home/bobododo/GNC/MSF/shenlan-MSF/chapter4/catkin_ws/devel/share/common-lisp/ros/lidar_localization/srv/optimizeMap.lisp
Symlinking /home/bobododo/GNC/MSF/shenlan-MSF/chapter4/catkin_ws/devel/share/common-lisp/ros/lidar_localization/srv/_package_optimizeMap.lisp
Symlinking /home/bobododo/GNC/MSF/shenlan-MSF/chapter4/catkin_ws/devel/share/common-lisp/ros/lidar_localization/srv/saveMap.lisp
Symlinking /home/bobododo/GNC/MSF/shenlan-MSF/chapter4/catkin_ws/devel/share/common-lisp/ros/lidar_localization/srv/lidar_localization-srv.asd
Symlinking /home/bobododo/GNC/MSF/shenlan-MSF/chapter4/catkin_ws/devel/share/lidar_localization/cmake/lidar_localizationConfig.cmake
Symlinking /home/bobododo/GNC/MSF/shenlan-MSF/chapter4/catkin_ws/devel/share/lidar_localization/cmake/lidar_localization-msg-extras.cmake
Symlinking /home/bobododo/GNC/MSF/shenlan-MSF/chapter4/catkin_ws/devel/share/lidar_localization/cmake/lidar_localizationConfig-version.cmake
Symlinking /home/bobododo/GNC/MSF/shenlan-MSF/chapter4/catkin_ws/devel/share/lidar_localization/cmake/lidar_localization-msg-paths.cmake
Symlinking /home/bobododo/GNC/MSF/shenlan-MSF/chapter4/catkin_ws/devel/share/gennodejs/ros/lidar_localization/_index.js
Symlinking /home/bobododo/GNC/MSF/shenlan-MSF/chapter4/catkin_ws/devel/share/gennodejs/ros/lidar_localization/srv/saveMap.js
Symlinking /home/bobododo/GNC/MSF/shenlan-MSF/chapter4/catkin_ws/devel/share/gennodejs/ros/lidar_localization/srv/_index.js
Symlinking /home/bobododo/GNC/MSF/shenlan-MSF/chapter4/catkin_ws/devel/share/gennodejs/ros/lidar_localization/srv/optimizeMap.js
Symlinking /home/bobododo/GNC/MSF/shenlan-MSF/chapter4/catkin_ws/devel/share/gennodejs/ros/lidar_localization/srv/saveScanContext.js
Symlinking /home/bobododo/GNC/MSF/shenlan-MSF/chapter4/catkin_ws/devel/include/lidar_localization/saveScanContextResponse.h
Symlinking /home/bobododo/GNC/MSF/shenlan-MSF/chapter4/catkin_ws/devel/include/lidar_localization/saveMap.h
Symlinking /home/bobododo/GNC/MSF/shenlan-MSF/chapter4/catkin_ws/devel/include/lidar_localization/saveScanContext.h
Symlinking /home/bobododo/GNC/MSF/shenlan-MSF/chapter4/catkin_ws/devel/include/lidar_localization/saveMapResponse.h
Symlinking /home/bobododo/GNC/MSF/shenlan-MSF/chapter4/catkin_ws/devel/include/lidar_localization/saveMapRequest.h
Symlinking /home/bobododo/GNC/MSF/shenlan-MSF/chapter4/catkin_ws/devel/include/lidar_localization/optimizeMapRequest.h
Symlinking /home/bobododo/GNC/MSF/shenlan-MSF/chapter4/catkin_ws/devel/include/lidar_localization/saveScanContextRequest.h
Symlinking /home/bobododo/GNC/MSF/shenlan-MSF/chapter4/catkin_ws/devel/include/lidar_localization/optimizeMap.h
Symlinking /home/bobododo/GNC/MSF/shenlan-MSF/chapter4/catkin_ws/devel/include/lidar_localization/optimizeMapResponse.h
