[  0%] Built target actionlib_msgs_generate_messages_py
[  0%] Built target tf2_msgs_generate_messages_nodejs
[  0%] Built target _lidar_localization_generate_messages_check_deps_saveScanContext
[  0%] Built target _lidar_localization_generate_messages_check_deps_optimizeMap
[  0%] Built target std_msgs_generate_messages_cpp
[  0%] Built target _lidar_localization_generate_messages_check_deps_saveMap
[  1%] Built target lidar_localization_generate_messages_cpp
[  1%] Built target tf2_msgs_generate_messages_eus
[  1%] Built target tf2_msgs_generate_messages_cpp
[  1%] Built target nodelet_generate_messages_nodejs
[  1%] Built target pcl_msgs_generate_messages_nodejs
[  1%] Built target nodelet_generate_messages_eus
[  1%] Built target geometry_msgs_generate_messages_lisp
[  1%] Built target tf2_msgs_generate_messages_lisp
[  1%] Built target dynamic_reconfigure_gencfg
[  1%] Built target geometry_msgs_generate_messages_py
[  1%] Built target dynamic_reconfigure_generate_messages_py
[  1%] Built target dynamic_reconfigure_generate_messages_lisp
[  1%] Built target pcl_msgs_generate_messages_cpp
[  1%] Built target rosgraph_msgs_generate_messages_cpp
[  1%] Built target topic_tools_generate_messages_cpp
[  1%] Built target pcl_ros_gencfg
[  1%] Built target topic_tools_generate_messages_nodejs
[  1%] Built target tf2_msgs_generate_messages_py
[  1%] Built target actionlib_generate_messages_py
[  1%] Built target dynamic_reconfigure_generate_messages_eus
[  1%] Built target std_msgs_generate_messages_nodejs
[  1%] Built target bond_generate_messages_lisp
[  1%] Built target nodelet_generate_messages_lisp
[  1%] Built target sensor_msgs_generate_messages_lisp
[  1%] Built target nodelet_generate_messages_cpp
[  1%] Built target bond_generate_messages_py
[  1%] Built target std_srvs_generate_messages_nodejs
[  1%] Built target geometry_msgs_generate_messages_cpp
[  1%] Built target actionlib_generate_messages_lisp
[  1%] Built target roscpp_generate_messages_cpp
[  1%] Built target sensor_msgs_generate_messages_nodejs
[  1%] Built target actionlib_generate_messages_cpp
[  1%] Built target geometry_msgs_generate_messages_nodejs
[  1%] Built target std_srvs_generate_messages_eus
[  1%] Built target roscpp_generate_messages_lisp
[  1%] Built target bond_generate_messages_eus
[  1%] Built target std_msgs_generate_messages_lisp
[  1%] Built target roscpp_generate_messages_nodejs
[  1%] Built target geometry_msgs_generate_messages_eus
[  1%] Built target std_msgs_generate_messages_py
[  1%] Built target roscpp_generate_messages_py
[  1%] Built target dynamic_reconfigure_generate_messages_nodejs
[  1%] Built target rosgraph_msgs_generate_messages_eus
[  1%] Built target rosgraph_msgs_generate_messages_lisp
[  1%] Built target std_msgs_generate_messages_eus
[  1%] Built target actionlib_msgs_generate_messages_eus
[  1%] Built target roscpp_generate_messages_eus
[  1%] Built target rosgraph_msgs_generate_messages_py
[  1%] Built target rosgraph_msgs_generate_messages_nodejs
[  1%] Built target bond_generate_messages_cpp
[  1%] Built target bond_generate_messages_nodejs
[  1%] Built target topic_tools_generate_messages_py
[  1%] Built target actionlib_msgs_generate_messages_nodejs
[  1%] Built target nodelet_topic_tools_gencfg
[  1%] Built target std_srvs_generate_messages_lisp
[  1%] Built target topic_tools_generate_messages_lisp
[  1%] Built target pcl_msgs_generate_messages_eus
[  1%] Built target topic_tools_generate_messages_eus
[  1%] Built target sensor_msgs_generate_messages_cpp
[  1%] Built target sensor_msgs_generate_messages_eus
[  1%] Built target nodelet_generate_messages_py
[  1%] Built target sensor_msgs_generate_messages_py
[  1%] Built target dynamic_reconfigure_generate_messages_cpp
[  1%] Built target tf_generate_messages_py
[  1%] Built target std_srvs_generate_messages_cpp
[  1%] Built target tf_generate_messages_eus
[  1%] Built target actionlib_msgs_generate_messages_cpp
[  1%] Built target std_srvs_generate_messages_py
[  1%] Built target tf_generate_messages_lisp
[  1%] Built target tf_generate_messages_nodejs
[  1%] Built target pcl_msgs_generate_messages_py
[  1%] Built target actionlib_generate_messages_eus
[  1%] Built target pcl_msgs_generate_messages_lisp
[  1%] Built target tf_generate_messages_cpp
[  1%] Built target actionlib_generate_messages_nodejs
[  1%] Built target actionlib_msgs_generate_messages_lisp
[35m[1mConsolidate compiler generated dependencies of target viewer_node[0m
[ 15%] Built target viewer_node
[35m[1mConsolidate compiler generated dependencies of target matching_node[0m
[ 28%] Built target matching_node
[35m[1mConsolidate compiler generated dependencies of target test_frame_node[0m
[ 42%] Built target test_frame_node
[35m[1mConsolidate compiler generated dependencies of target data_pretreat_node[0m
[ 55%] Built target data_pretreat_node
[ 56%] Built target lidar_localization_generate_messages_py
[ 57%] Built target lidar_localization_generate_messages_nodejs
[ 58%] Built target lidar_localization_generate_messages_lisp
[ 59%] Built target lidar_localization_generate_messages_eus
[ 59%] Built target lidar_localization_generate_messages
[35m[1mConsolidate compiler generated dependencies of target loop_closing_node[0m
[ 73%] Built target loop_closing_node
[35m[1mConsolidate compiler generated dependencies of target back_end_node[0m
[ 86%] Built target back_end_node
[35m[1mConsolidate compiler generated dependencies of target front_end_node[0m
[100%] Built target front_end_node
[36mInstall the project...[0m
-- Install configuration: "Release"
-- Up-to-date: /home/bobododo/GNC/MSF/shenlan-MSF/chapter4/catkin_ws/install/_setup_util.py
-- Up-to-date: /home/bobododo/GNC/MSF/shenlan-MSF/chapter4/catkin_ws/install/env.sh
-- Up-to-date: /home/bobododo/GNC/MSF/shenlan-MSF/chapter4/catkin_ws/install/setup.bash
-- Up-to-date: /home/bobododo/GNC/MSF/shenlan-MSF/chapter4/catkin_ws/install/local_setup.bash
-- Up-to-date: /home/bobododo/GNC/MSF/shenlan-MSF/chapter4/catkin_ws/install/setup.sh
-- Up-to-date: /home/bobododo/GNC/MSF/shenlan-MSF/chapter4/catkin_ws/install/local_setup.sh
-- Up-to-date: /home/bobododo/GNC/MSF/shenlan-MSF/chapter4/catkin_ws/install/setup.zsh
-- Up-to-date: /home/bobododo/GNC/MSF/shenlan-MSF/chapter4/catkin_ws/install/local_setup.zsh
-- Up-to-date: /home/bobododo/GNC/MSF/shenlan-MSF/chapter4/catkin_ws/install/.rosinstall
-- Installing: /home/bobododo/GNC/MSF/shenlan-MSF/chapter4/catkin_ws/install/share/lidar_localization/srv/saveScanContext.srv
-- Installing: /home/bobododo/GNC/MSF/shenlan-MSF/chapter4/catkin_ws/install/share/lidar_localization/srv/saveMap.srv
-- Installing: /home/bobododo/GNC/MSF/shenlan-MSF/chapter4/catkin_ws/install/share/lidar_localization/srv/optimizeMap.srv
-- Installing: /home/bobododo/GNC/MSF/shenlan-MSF/chapter4/catkin_ws/install/share/lidar_localization/cmake/lidar_localization-msg-paths.cmake
-- Installing: /home/bobododo/GNC/MSF/shenlan-MSF/chapter4/catkin_ws/install/include/lidar_localization
-- Installing: /home/bobododo/GNC/MSF/shenlan-MSF/chapter4/catkin_ws/install/include/lidar_localization/saveScanContextResponse.h
-- Installing: /home/bobododo/GNC/MSF/shenlan-MSF/chapter4/catkin_ws/install/include/lidar_localization/saveMap.h
-- Installing: /home/bobododo/GNC/MSF/shenlan-MSF/chapter4/catkin_ws/install/include/lidar_localization/saveScanContext.h
-- Installing: /home/bobododo/GNC/MSF/shenlan-MSF/chapter4/catkin_ws/install/include/lidar_localization/saveMapResponse.h
-- Installing: /home/bobododo/GNC/MSF/shenlan-MSF/chapter4/catkin_ws/install/include/lidar_localization/saveMapRequest.h
-- Installing: /home/bobododo/GNC/MSF/shenlan-MSF/chapter4/catkin_ws/install/include/lidar_localization/optimizeMapRequest.h
-- Installing: /home/bobododo/GNC/MSF/shenlan-MSF/chapter4/catkin_ws/install/include/lidar_localization/saveScanContextRequest.h
-- Installing: /home/bobododo/GNC/MSF/shenlan-MSF/chapter4/catkin_ws/install/include/lidar_localization/optimizeMap.h
-- Installing: /home/bobododo/GNC/MSF/shenlan-MSF/chapter4/catkin_ws/install/include/lidar_localization/optimizeMapResponse.h
-- Installing: /home/bobododo/GNC/MSF/shenlan-MSF/chapter4/catkin_ws/install/share/roseus/ros/lidar_localization
-- Installing: /home/bobododo/GNC/MSF/shenlan-MSF/chapter4/catkin_ws/install/share/roseus/ros/lidar_localization/srv
-- Installing: /home/bobododo/GNC/MSF/shenlan-MSF/chapter4/catkin_ws/install/share/roseus/ros/lidar_localization/srv/saveScanContext.l
-- Installing: /home/bobododo/GNC/MSF/shenlan-MSF/chapter4/catkin_ws/install/share/roseus/ros/lidar_localization/srv/optimizeMap.l
-- Installing: /home/bobododo/GNC/MSF/shenlan-MSF/chapter4/catkin_ws/install/share/roseus/ros/lidar_localization/srv/saveMap.l
-- Installing: /home/bobododo/GNC/MSF/shenlan-MSF/chapter4/catkin_ws/install/share/roseus/ros/lidar_localization/manifest.l
-- Installing: /home/bobododo/GNC/MSF/shenlan-MSF/chapter4/catkin_ws/install/share/common-lisp/ros/lidar_localization
-- Installing: /home/bobododo/GNC/MSF/shenlan-MSF/chapter4/catkin_ws/install/share/common-lisp/ros/lidar_localization/srv
-- Installing: /home/bobododo/GNC/MSF/shenlan-MSF/chapter4/catkin_ws/install/share/common-lisp/ros/lidar_localization/srv/_package.lisp
-- Installing: /home/bobododo/GNC/MSF/shenlan-MSF/chapter4/catkin_ws/install/share/common-lisp/ros/lidar_localization/srv/_package_saveScanContext.lisp
-- Installing: /home/bobododo/GNC/MSF/shenlan-MSF/chapter4/catkin_ws/install/share/common-lisp/ros/lidar_localization/srv/saveScanContext.lisp
-- Installing: /home/bobododo/GNC/MSF/shenlan-MSF/chapter4/catkin_ws/install/share/common-lisp/ros/lidar_localization/srv/_package_saveMap.lisp
-- Installing: /home/bobododo/GNC/MSF/shenlan-MSF/chapter4/catkin_ws/install/share/common-lisp/ros/lidar_localization/srv/optimizeMap.lisp
-- Installing: /home/bobododo/GNC/MSF/shenlan-MSF/chapter4/catkin_ws/install/share/common-lisp/ros/lidar_localization/srv/_package_optimizeMap.lisp
-- Installing: /home/bobododo/GNC/MSF/shenlan-MSF/chapter4/catkin_ws/install/share/common-lisp/ros/lidar_localization/srv/saveMap.lisp
-- Installing: /home/bobododo/GNC/MSF/shenlan-MSF/chapter4/catkin_ws/install/share/common-lisp/ros/lidar_localization/srv/lidar_localization-srv.asd
-- Installing: /home/bobododo/GNC/MSF/shenlan-MSF/chapter4/catkin_ws/install/share/gennodejs/ros/lidar_localization
-- Installing: /home/bobododo/GNC/MSF/shenlan-MSF/chapter4/catkin_ws/install/share/gennodejs/ros/lidar_localization/srv
-- Installing: /home/bobododo/GNC/MSF/shenlan-MSF/chapter4/catkin_ws/install/share/gennodejs/ros/lidar_localization/srv/saveMap.js
-- Installing: /home/bobododo/GNC/MSF/shenlan-MSF/chapter4/catkin_ws/install/share/gennodejs/ros/lidar_localization/srv/_index.js
-- Installing: /home/bobododo/GNC/MSF/shenlan-MSF/chapter4/catkin_ws/install/share/gennodejs/ros/lidar_localization/srv/optimizeMap.js
-- Installing: /home/bobododo/GNC/MSF/shenlan-MSF/chapter4/catkin_ws/install/share/gennodejs/ros/lidar_localization/srv/saveScanContext.js
-- Installing: /home/bobododo/GNC/MSF/shenlan-MSF/chapter4/catkin_ws/install/share/gennodejs/ros/lidar_localization/_index.js
Listing /home/bobododo/GNC/MSF/shenlan-MSF/chapter4/catkin_ws/devel/.private/lidar_localization/lib/python2.7/dist-packages/lidar_localization ...
Compiling /home/bobododo/GNC/MSF/shenlan-MSF/chapter4/catkin_ws/devel/.private/lidar_localization/lib/python2.7/dist-packages/lidar_localization/__init__.py ...
Listing /home/bobododo/GNC/MSF/shenlan-MSF/chapter4/catkin_ws/devel/.private/lidar_localization/lib/python2.7/dist-packages/lidar_localization/srv ...
Compiling /home/bobododo/GNC/MSF/shenlan-MSF/chapter4/catkin_ws/devel/.private/lidar_localization/lib/python2.7/dist-packages/lidar_localization/srv/__init__.py ...
Compiling /home/bobododo/GNC/MSF/shenlan-MSF/chapter4/catkin_ws/devel/.private/lidar_localization/lib/python2.7/dist-packages/lidar_localization/srv/_optimizeMap.py ...
Compiling /home/bobododo/GNC/MSF/shenlan-MSF/chapter4/catkin_ws/devel/.private/lidar_localization/lib/python2.7/dist-packages/lidar_localization/srv/_saveMap.py ...
Compiling /home/bobododo/GNC/MSF/shenlan-MSF/chapter4/catkin_ws/devel/.private/lidar_localization/lib/python2.7/dist-packages/lidar_localization/srv/_saveScanContext.py ...
-- Installing: /home/bobododo/GNC/MSF/shenlan-MSF/chapter4/catkin_ws/install/lib/python2.7/dist-packages/lidar_localization
-- Installing: /home/bobododo/GNC/MSF/shenlan-MSF/chapter4/catkin_ws/install/lib/python2.7/dist-packages/lidar_localization/srv
-- Installing: /home/bobododo/GNC/MSF/shenlan-MSF/chapter4/catkin_ws/install/lib/python2.7/dist-packages/lidar_localization/srv/_optimizeMap.pyc
-- Installing: /home/bobododo/GNC/MSF/shenlan-MSF/chapter4/catkin_ws/install/lib/python2.7/dist-packages/lidar_localization/srv/_saveMap.pyc
-- Installing: /home/bobododo/GNC/MSF/shenlan-MSF/chapter4/catkin_ws/install/lib/python2.7/dist-packages/lidar_localization/srv/_saveScanContext.py
-- Installing: /home/bobododo/GNC/MSF/shenlan-MSF/chapter4/catkin_ws/install/lib/python2.7/dist-packages/lidar_localization/srv/_saveScanContext.pyc
-- Installing: /home/bobododo/GNC/MSF/shenlan-MSF/chapter4/catkin_ws/install/lib/python2.7/dist-packages/lidar_localization/srv/__init__.py
-- Installing: /home/bobododo/GNC/MSF/shenlan-MSF/chapter4/catkin_ws/install/lib/python2.7/dist-packages/lidar_localization/srv/__init__.pyc
-- Installing: /home/bobododo/GNC/MSF/shenlan-MSF/chapter4/catkin_ws/install/lib/python2.7/dist-packages/lidar_localization/srv/_optimizeMap.py
-- Installing: /home/bobododo/GNC/MSF/shenlan-MSF/chapter4/catkin_ws/install/lib/python2.7/dist-packages/lidar_localization/srv/_saveMap.py
-- Installing: /home/bobododo/GNC/MSF/shenlan-MSF/chapter4/catkin_ws/install/lib/python2.7/dist-packages/lidar_localization/__init__.py
-- Installing: /home/bobododo/GNC/MSF/shenlan-MSF/chapter4/catkin_ws/install/lib/python2.7/dist-packages/lidar_localization/__init__.pyc
-- Installing: /home/bobododo/GNC/MSF/shenlan-MSF/chapter4/catkin_ws/install/lib/pkgconfig/lidar_localization.pc
-- Installing: /home/bobododo/GNC/MSF/shenlan-MSF/chapter4/catkin_ws/install/share/lidar_localization/cmake/lidar_localization-msg-extras.cmake
-- Installing: /home/bobododo/GNC/MSF/shenlan-MSF/chapter4/catkin_ws/install/share/lidar_localization/cmake/lidar_localizationConfig.cmake
-- Installing: /home/bobododo/GNC/MSF/shenlan-MSF/chapter4/catkin_ws/install/share/lidar_localization/cmake/lidar_localizationConfig-version.cmake
-- Installing: /home/bobododo/GNC/MSF/shenlan-MSF/chapter4/catkin_ws/install/share/lidar_localization/package.xml
-- Installing: /home/bobododo/GNC/MSF/shenlan-MSF/chapter4/catkin_ws/install/lib/lidar_localization/test_frame_node
-- Set runtime path of "/home/bobododo/GNC/MSF/shenlan-MSF/chapter4/catkin_ws/install/lib/lidar_localization/test_frame_node" to ""
-- Installing: /home/bobododo/GNC/MSF/shenlan-MSF/chapter4/catkin_ws/install/lib/lidar_localization/data_pretreat_node
-- Set runtime path of "/home/bobododo/GNC/MSF/shenlan-MSF/chapter4/catkin_ws/install/lib/lidar_localization/data_pretreat_node" to ""
-- Installing: /home/bobododo/GNC/MSF/shenlan-MSF/chapter4/catkin_ws/install/lib/lidar_localization/front_end_node
-- Set runtime path of "/home/bobododo/GNC/MSF/shenlan-MSF/chapter4/catkin_ws/install/lib/lidar_localization/front_end_node" to ""
-- Installing: /home/bobododo/GNC/MSF/shenlan-MSF/chapter4/catkin_ws/install/lib/lidar_localization/back_end_node
-- Set runtime path of "/home/bobododo/GNC/MSF/shenlan-MSF/chapter4/catkin_ws/install/lib/lidar_localization/back_end_node" to ""
-- Installing: /home/bobododo/GNC/MSF/shenlan-MSF/chapter4/catkin_ws/install/lib/lidar_localization/loop_closing_node
-- Set runtime path of "/home/bobododo/GNC/MSF/shenlan-MSF/chapter4/catkin_ws/install/lib/lidar_localization/loop_closing_node" to ""
-- Installing: /home/bobododo/GNC/MSF/shenlan-MSF/chapter4/catkin_ws/install/lib/lidar_localization/viewer_node
-- Set runtime path of "/home/bobododo/GNC/MSF/shenlan-MSF/chapter4/catkin_ws/install/lib/lidar_localization/viewer_node" to ""
-- Installing: /home/bobododo/GNC/MSF/shenlan-MSF/chapter4/catkin_ws/install/lib/lidar_localization/matching_node
-- Set runtime path of "/home/bobododo/GNC/MSF/shenlan-MSF/chapter4/catkin_ws/install/lib/lidar_localization/matching_node" to ""
-- Up-to-date: /home/bobododo/GNC/MSF/shenlan-MSF/chapter4/catkin_ws/install/include/lidar_localization
-- Installing: /home/bobododo/GNC/MSF/shenlan-MSF/chapter4/catkin_ws/install/include/lidar_localization/lidar_localization
-- Installing: /home/bobododo/GNC/MSF/shenlan-MSF/chapter4/catkin_ws/install/include/lidar_localization/lidar_localization/global_defination
-- Installing: /home/bobododo/GNC/MSF/shenlan-MSF/chapter4/catkin_ws/install/include/lidar_localization/lidar_localization/publisher
-- Installing: /home/bobododo/GNC/MSF/shenlan-MSF/chapter4/catkin_ws/install/include/lidar_localization/lidar_localization/subscriber
-- Installing: /home/bobododo/GNC/MSF/shenlan-MSF/chapter4/catkin_ws/install/include/lidar_localization/lidar_localization/tools
-- Installing: /home/bobododo/GNC/MSF/shenlan-MSF/chapter4/catkin_ws/install/include/lidar_localization/lidar_localization/models
-- Installing: /home/bobododo/GNC/MSF/shenlan-MSF/chapter4/catkin_ws/install/include/lidar_localization/lidar_localization/models/cloud_filter
-- Installing: /home/bobododo/GNC/MSF/shenlan-MSF/chapter4/catkin_ws/install/include/lidar_localization/lidar_localization/models/scan_context_manager
-- Installing: /home/bobododo/GNC/MSF/shenlan-MSF/chapter4/catkin_ws/install/include/lidar_localization/lidar_localization/models/scan_context_manager/key_frames.pb.h
-- Installing: /home/bobododo/GNC/MSF/shenlan-MSF/chapter4/catkin_ws/install/include/lidar_localization/lidar_localization/models/scan_context_manager/ring_keys.pb.h
-- Installing: /home/bobododo/GNC/MSF/shenlan-MSF/chapter4/catkin_ws/install/include/lidar_localization/lidar_localization/models/scan_context_manager/scan_contexts.pb.h
-- Installing: /home/bobododo/GNC/MSF/shenlan-MSF/chapter4/catkin_ws/install/include/lidar_localization/lidar_localization/models/registration
-- Installing: /home/bobododo/GNC/MSF/shenlan-MSF/chapter4/catkin_ws/install/include/lidar_localization/lidar_localization/models/graph_optimizer
-- Installing: /home/bobododo/GNC/MSF/shenlan-MSF/chapter4/catkin_ws/install/include/lidar_localization/lidar_localization/models/graph_optimizer/g2o
-- Installing: /home/bobododo/GNC/MSF/shenlan-MSF/chapter4/catkin_ws/install/include/lidar_localization/lidar_localization/models/graph_optimizer/g2o/edge
-- Installing: /home/bobododo/GNC/MSF/shenlan-MSF/chapter4/catkin_ws/install/include/lidar_localization/lidar_localization/models/scan_adjust
-- Installing: /home/bobododo/GNC/MSF/shenlan-MSF/chapter4/catkin_ws/install/include/lidar_localization/lidar_localization/mapping
-- Installing: /home/bobododo/GNC/MSF/shenlan-MSF/chapter4/catkin_ws/install/include/lidar_localization/lidar_localization/mapping/loop_closing
-- Installing: /home/bobododo/GNC/MSF/shenlan-MSF/chapter4/catkin_ws/install/include/lidar_localization/lidar_localization/mapping/viewer
-- Installing: /home/bobododo/GNC/MSF/shenlan-MSF/chapter4/catkin_ws/install/include/lidar_localization/lidar_localization/mapping/back_end
-- Installing: /home/bobododo/GNC/MSF/shenlan-MSF/chapter4/catkin_ws/install/include/lidar_localization/lidar_localization/mapping/front_end
-- Installing: /home/bobododo/GNC/MSF/shenlan-MSF/chapter4/catkin_ws/install/include/lidar_localization/lidar_localization/tf_listener
-- Installing: /home/bobododo/GNC/MSF/shenlan-MSF/chapter4/catkin_ws/install/include/lidar_localization/lidar_localization/matching
-- Installing: /home/bobododo/GNC/MSF/shenlan-MSF/chapter4/catkin_ws/install/include/lidar_localization/lidar_localization/data_pretreat
-- Installing: /home/bobododo/GNC/MSF/shenlan-MSF/chapter4/catkin_ws/install/include/lidar_localization/lidar_localization/sensor_data
-- Installing: /home/bobododo/GNC/MSF/shenlan-MSF/chapter4/catkin_ws/install/share/lidar_localization/launch
-- Installing: /home/bobododo/GNC/MSF/shenlan-MSF/chapter4/catkin_ws/install/share/lidar_localization/launch/mapping.launch
-- Installing: /home/bobododo/GNC/MSF/shenlan-MSF/chapter4/catkin_ws/install/share/lidar_localization/launch/matching.launch
-- Installing: /home/bobododo/GNC/MSF/shenlan-MSF/chapter4/catkin_ws/install/share/lidar_localization/config
-- Installing: /home/bobododo/GNC/MSF/shenlan-MSF/chapter4/catkin_ws/install/share/lidar_localization/config/scan_context
-- Installing: /home/bobododo/GNC/MSF/shenlan-MSF/chapter4/catkin_ws/install/share/lidar_localization/config/mapping
-- Installing: /home/bobododo/GNC/MSF/shenlan-MSF/chapter4/catkin_ws/install/share/lidar_localization/config/mapping/viewer.yaml
-- Installing: /home/bobododo/GNC/MSF/shenlan-MSF/chapter4/catkin_ws/install/share/lidar_localization/config/mapping/back_end.yaml
-- Installing: /home/bobododo/GNC/MSF/shenlan-MSF/chapter4/catkin_ws/install/share/lidar_localization/config/mapping/loop_closing.yaml
-- Installing: /home/bobododo/GNC/MSF/shenlan-MSF/chapter4/catkin_ws/install/share/lidar_localization/config/mapping/front_end.yaml
-- Installing: /home/bobododo/GNC/MSF/shenlan-MSF/chapter4/catkin_ws/install/share/lidar_localization/config/matching
-- Installing: /home/bobododo/GNC/MSF/shenlan-MSF/chapter4/catkin_ws/install/share/lidar_localization/config/matching/matching.yaml
-- Installing: /home/bobododo/GNC/MSF/shenlan-MSF/chapter4/catkin_ws/install/share/lidar_localization/rviz
-- Installing: /home/bobododo/GNC/MSF/shenlan-MSF/chapter4/catkin_ws/install/share/lidar_localization/rviz/matching.rviz
-- Installing: /home/bobododo/GNC/MSF/shenlan-MSF/chapter4/catkin_ws/install/share/lidar_localization/rviz/mapping.rviz
