[  0%] Built target std_msgs_generate_messages_cpp
[  0%] Built target actionlib_msgs_generate_messages_py
[  0%] Built target tf2_msgs_generate_messages_nodejs
[  0%] Built target tf2_msgs_generate_messages_eus
[  0%] Built target nodelet_generate_messages_nodejs
[  0%] Built target pcl_msgs_generate_messages_nodejs
[  0%] Built target geometry_msgs_generate_messages_lisp
[  0%] Built target tf2_msgs_generate_messages_cpp
[  0%] Built target nodelet_generate_messages_eus
[  0%] Built target dynamic_reconfigure_gencfg
[  0%] Built target geometry_msgs_generate_messages_py
[  0%] Built target rosgraph_msgs_generate_messages_cpp
[  0%] Built target dynamic_reconfigure_generate_messages_py
[  0%] Built target dynamic_reconfigure_generate_messages_lisp
[  0%] Built target tf2_msgs_generate_messages_lisp
[  0%] Built target topic_tools_generate_messages_cpp
[  0%] Built target pcl_msgs_generate_messages_cpp
[  0%] Built target pcl_ros_gencfg
[  0%] Built target topic_tools_generate_messages_nodejs
[  0%] Built target tf2_msgs_generate_messages_py
[  0%] Built target nodelet_generate_messages_lisp
[  0%] Built target actionlib_generate_messages_py
[  0%] Built target std_msgs_generate_messages_nodejs
[  0%] Built target bond_generate_messages_lisp
[  0%] Built target dynamic_reconfigure_generate_messages_eus
[  0%] Built target _lidar_localization_generate_messages_check_deps_optimizeMap
[  0%] Built target sensor_msgs_generate_messages_lisp
[  0%] Built target nodelet_generate_messages_cpp
[  0%] Built target _lidar_localization_generate_messages_check_deps_saveMap
[  0%] Built target _lidar_localization_generate_messages_check_deps_saveScanContext
[  0%] Built target bond_generate_messages_py
[  0%] Built target actionlib_generate_messages_lisp
[  0%] Built target sensor_msgs_generate_messages_nodejs
[  0%] Built target roscpp_generate_messages_cpp
[  0%] Built target std_srvs_generate_messages_nodejs
[  0%] Built target geometry_msgs_generate_messages_cpp
[  0%] Built target std_srvs_generate_messages_eus
[  0%] Built target actionlib_generate_messages_cpp
[  0%] Built target geometry_msgs_generate_messages_nodejs
[  0%] Built target roscpp_generate_messages_lisp
[  0%] Built target bond_generate_messages_eus
[  0%] Built target std_msgs_generate_messages_lisp
[  0%] Built target geometry_msgs_generate_messages_eus
[  0%] Built target roscpp_generate_messages_nodejs
[  0%] Built target std_msgs_generate_messages_py
[  0%] Built target std_msgs_generate_messages_eus
[  0%] Built target roscpp_generate_messages_py
[  0%] Built target rosgraph_msgs_generate_messages_eus
[  0%] Built target dynamic_reconfigure_generate_messages_nodejs
[  0%] Built target rosgraph_msgs_generate_messages_lisp
[  0%] Built target actionlib_msgs_generate_messages_eus
[  0%] Built target roscpp_generate_messages_eus
[  0%] Built target rosgraph_msgs_generate_messages_nodejs
[  0%] Built target rosgraph_msgs_generate_messages_py
[  0%] Built target bond_generate_messages_nodejs
[  0%] Built target actionlib_msgs_generate_messages_nodejs
[  0%] Built target topic_tools_generate_messages_py
[  0%] Built target std_srvs_generate_messages_lisp
[  0%] Built target topic_tools_generate_messages_lisp
[  0%] Built target bond_generate_messages_cpp
[  0%] Built target nodelet_topic_tools_gencfg
[  0%] Built target pcl_msgs_generate_messages_eus
[  0%] Built target sensor_msgs_generate_messages_cpp
[  0%] Built target topic_tools_generate_messages_eus
[  0%] Built target nodelet_generate_messages_py
[  0%] Built target sensor_msgs_generate_messages_eus
[  0%] Built target sensor_msgs_generate_messages_py
[  0%] Built target tf_generate_messages_py
[  0%] Built target dynamic_reconfigure_generate_messages_cpp
[  0%] Built target std_srvs_generate_messages_cpp
[  0%] Built target tf_generate_messages_eus
[  0%] Built target std_srvs_generate_messages_py
[  0%] Built target tf_generate_messages_lisp
[  0%] Built target tf_generate_messages_nodejs
[  0%] Built target actionlib_msgs_generate_messages_cpp
[  0%] Built target pcl_msgs_generate_messages_py
[  0%] Built target actionlib_generate_messages_eus
[  0%] Built target pcl_msgs_generate_messages_lisp
[  0%] Built target tf_generate_messages_cpp
[  0%] Built target actionlib_generate_messages_nodejs
[  1%] [34m[1mGenerating Python code from SRV lidar_localization/saveMap[0m
[  1%] Built target actionlib_msgs_generate_messages_lisp
[  1%] [34m[1mGenerating Python code from SRV lidar_localization/optimizeMap[0m
[  1%] [34m[1mGenerating Javascript code from lidar_localization/optimizeMap.srv[0m
[  1%] [34m[1mGenerating Javascript code from lidar_localization/saveMap.srv[0m
[  1%] [34m[1mGenerating Python code from SRV lidar_localization/saveScanContext[0m
[  2%] [34m[1mGenerating Lisp code from lidar_localization/saveMap.srv[0m
[  2%] [34m[1mGenerating EusLisp code from lidar_localization/optimizeMap.srv[0m
[  3%] [34m[1mGenerating EusLisp code from lidar_localization/saveMap.srv[0m
[  3%] [34m[1mGenerating EusLisp code from lidar_localization/saveScanContext.srv[0m
[  3%] [34m[1mGenerating EusLisp manifest code for lidar_localization[0m
[  4%] [34m[1mGenerating C++ code from lidar_localization/saveMap.srv[0m
[  4%] [32mBuilding CXX object CMakeFiles/test_frame_node.dir/src/apps/test_frame_node.cpp.o[0m
[  5%] [32mBuilding CXX object CMakeFiles/test_frame_node.dir/src/data_pretreat/data_pretreat_flow.cpp.o[0m
[  6%] [34m[1mGenerating Javascript code from lidar_localization/saveScanContext.srv[0m
[  6%] [34m[1mGenerating Lisp code from lidar_localization/optimizeMap.srv[0m
[  6%] [34m[1mGenerating C++ code from lidar_localization/saveScanContext.srv[0m
[  6%] [34m[1mGenerating C++ code from lidar_localization/optimizeMap.srv[0m
[  6%] [34m[1mGenerating Lisp code from lidar_localization/saveScanContext.srv[0m
[  6%] Built target lidar_localization_generate_messages_nodejs
[  6%] [32mBuilding CXX object CMakeFiles/test_frame_node.dir/src/mapping/back_end/back_end.cpp.o[0m
[  6%] [32mBuilding CXX object CMakeFiles/test_frame_node.dir/src/mapping/back_end/back_end_flow.cpp.o[0m
[  6%] [32mBuilding CXX object CMakeFiles/matching_node.dir/src/apps/matching_node.cpp.o[0m
[  6%] [34m[1mGenerating Python srv __init__.py for lidar_localization[0m
[  6%] Built target lidar_localization_generate_messages_lisp
[  6%] [32mBuilding CXX object CMakeFiles/data_pretreat_node.dir/src/apps/data_pretreat_node.cpp.o[0m
[  7%] [32mBuilding CXX object CMakeFiles/matching_node.dir/src/data_pretreat/data_pretreat_flow.cpp.o[0m
[  7%] Built target lidar_localization_generate_messages_py
[  7%] [32mBuilding CXX object CMakeFiles/data_pretreat_node.dir/src/data_pretreat/data_pretreat_flow.cpp.o[0m
[  8%] [32mBuilding CXX object CMakeFiles/data_pretreat_node.dir/src/mapping/back_end/back_end.cpp.o[0m
[  8%] [32mBuilding CXX object CMakeFiles/loop_closing_node.dir/src/apps/loop_closing_node.cpp.o[0m
[  8%] Built target lidar_localization_generate_messages_cpp
[  8%] [32mBuilding CXX object CMakeFiles/loop_closing_node.dir/src/data_pretreat/data_pretreat_flow.cpp.o[0m
[  8%] Built target lidar_localization_generate_messages_eus
[  8%] [32mBuilding CXX object CMakeFiles/front_end_node.dir/src/apps/front_end_node.cpp.o[0m
[  8%] [32mBuilding CXX object CMakeFiles/front_end_node.dir/src/data_pretreat/data_pretreat_flow.cpp.o[0m
[  8%] [32mBuilding CXX object CMakeFiles/data_pretreat_node.dir/src/mapping/back_end/back_end_flow.cpp.o[0m
[  8%] [32mBuilding CXX object CMakeFiles/data_pretreat_node.dir/src/mapping/front_end/front_end.cpp.o[0m
[  8%] [32mBuilding CXX object CMakeFiles/matching_node.dir/src/mapping/back_end/back_end.cpp.o[0m
[  9%] [32mBuilding CXX object CMakeFiles/test_frame_node.dir/src/mapping/front_end/front_end.cpp.o[0m
[ 10%] [32mBuilding CXX object CMakeFiles/loop_closing_node.dir/src/mapping/back_end/back_end.cpp.o[0m
[ 10%] [32mBuilding CXX object CMakeFiles/data_pretreat_node.dir/src/mapping/front_end/front_end_flow.cpp.o[0m
[ 10%] [32mBuilding CXX object CMakeFiles/matching_node.dir/src/mapping/back_end/back_end_flow.cpp.o[0m
[ 10%] [32mBuilding CXX object CMakeFiles/loop_closing_node.dir/src/mapping/back_end/back_end_flow.cpp.o[0m
[ 10%] [32mBuilding CXX object CMakeFiles/test_frame_node.dir/src/mapping/front_end/front_end_flow.cpp.o[0m
[ 11%] [32mBuilding CXX object CMakeFiles/data_pretreat_node.dir/src/mapping/loop_closing/loop_closing.cpp.o[0m
[ 11%] [32mBuilding CXX object CMakeFiles/test_frame_node.dir/src/mapping/loop_closing/loop_closing.cpp.o[0m
[ 11%] [32mBuilding CXX object CMakeFiles/data_pretreat_node.dir/src/mapping/loop_closing/loop_closing_flow.cpp.o[0m
[ 12%] [32mBuilding CXX object CMakeFiles/front_end_node.dir/src/mapping/back_end/back_end.cpp.o[0m
[ 12%] [32mBuilding CXX object CMakeFiles/data_pretreat_node.dir/src/mapping/viewer/viewer.cpp.o[0m
[ 12%] [32mBuilding CXX object CMakeFiles/test_frame_node.dir/src/mapping/loop_closing/loop_closing_flow.cpp.o[0m
[ 13%] [32mBuilding CXX object CMakeFiles/test_frame_node.dir/src/mapping/viewer/viewer.cpp.o[0m
[ 13%] [32mBuilding CXX object CMakeFiles/data_pretreat_node.dir/src/mapping/viewer/viewer_flow.cpp.o[0m
[ 13%] [32mBuilding CXX object CMakeFiles/loop_closing_node.dir/src/mapping/front_end/front_end.cpp.o[0m
[ 13%] [32mBuilding CXX object CMakeFiles/matching_node.dir/src/mapping/front_end/front_end.cpp.o[0m
[ 14%] [32mBuilding CXX object CMakeFiles/data_pretreat_node.dir/src/matching/matching.cpp.o[0m
[ 15%] [32mBuilding CXX object CMakeFiles/loop_closing_node.dir/src/mapping/front_end/front_end_flow.cpp.o[0m
[ 15%] [32mBuilding CXX object CMakeFiles/data_pretreat_node.dir/src/matching/matching_flow.cpp.o[0m
[ 15%] [32mBuilding CXX object CMakeFiles/test_frame_node.dir/src/mapping/viewer/viewer_flow.cpp.o[0m
[ 15%] [32mBuilding CXX object CMakeFiles/data_pretreat_node.dir/src/models/cloud_filter/box_filter.cpp.o[0m
[ 16%] [32mBuilding CXX object CMakeFiles/data_pretreat_node.dir/src/models/cloud_filter/no_filter.cpp.o[0m
[ 16%] [32mBuilding CXX object CMakeFiles/data_pretreat_node.dir/src/models/cloud_filter/voxel_filter.cpp.o[0m
[ 16%] [32mBuilding CXX object CMakeFiles/front_end_node.dir/src/mapping/back_end/back_end_flow.cpp.o[0m
[ 16%] [32mBuilding CXX object CMakeFiles/test_frame_node.dir/src/matching/matching.cpp.o[0m
[ 17%] [32mBuilding CXX object CMakeFiles/test_frame_node.dir/src/matching/matching_flow.cpp.o[0m
[ 17%] [32mBuilding CXX object CMakeFiles/loop_closing_node.dir/src/mapping/loop_closing/loop_closing.cpp.o[0m
[ 17%] [32mBuilding CXX object CMakeFiles/data_pretreat_node.dir/src/models/graph_optimizer/g2o/g2o_graph_optimizer.cpp.o[0m
[ 17%] [32mBuilding CXX object CMakeFiles/data_pretreat_node.dir/src/models/graph_optimizer/interface_graph_optimizer.cpp.o[0m
[ 17%] [32mBuilding CXX object CMakeFiles/test_frame_node.dir/src/models/cloud_filter/box_filter.cpp.o[0m
[ 18%] [32mBuilding CXX object CMakeFiles/data_pretreat_node.dir/src/models/registration/ndt_registration.cpp.o[0m
[ 18%] [32mBuilding CXX object CMakeFiles/data_pretreat_node.dir/src/models/scan_adjust/distortion_adjust.cpp.o[0m
[ 18%] [32mBuilding CXX object CMakeFiles/loop_closing_node.dir/src/mapping/loop_closing/loop_closing_flow.cpp.o[0m
[ 19%] [32mBuilding CXX object CMakeFiles/matching_node.dir/src/mapping/front_end/front_end_flow.cpp.o[0m
[ 19%] [32mBuilding CXX object CMakeFiles/data_pretreat_node.dir/src/models/scan_context_manager/key_frames.pb.cpp.o[0m
[ 20%] [32mBuilding CXX object CMakeFiles/data_pretreat_node.dir/src/models/scan_context_manager/ring_keys.pb.cpp.o[0m
[ 20%] [32mBuilding CXX object CMakeFiles/data_pretreat_node.dir/src/models/scan_context_manager/scan_context_manager.cpp.o[0m
[ 20%] [32mBuilding CXX object CMakeFiles/data_pretreat_node.dir/src/models/scan_context_manager/scan_contexts.pb.cpp.o[0m
[ 20%] [32mBuilding CXX object CMakeFiles/data_pretreat_node.dir/src/publisher/cloud_publisher.cpp.o[0m
[ 20%] [32mBuilding CXX object CMakeFiles/test_frame_node.dir/src/models/cloud_filter/no_filter.cpp.o[0m
[ 20%] [32mBuilding CXX object CMakeFiles/matching_node.dir/src/mapping/loop_closing/loop_closing.cpp.o[0m
[ 21%] [32mBuilding CXX object CMakeFiles/data_pretreat_node.dir/src/publisher/key_frame_publisher.cpp.o[0m
[ 21%] [32mBuilding CXX object CMakeFiles/test_frame_node.dir/src/models/cloud_filter/voxel_filter.cpp.o[0m
[ 21%] [32mBuilding CXX object CMakeFiles/data_pretreat_node.dir/src/publisher/key_frames_publisher.cpp.o[0m
[ 21%] [32mBuilding CXX object CMakeFiles/data_pretreat_node.dir/src/publisher/loop_pose_publisher.cpp.o[0m
[ 22%] [32mBuilding CXX object CMakeFiles/test_frame_node.dir/src/models/graph_optimizer/g2o/g2o_graph_optimizer.cpp.o[0m
[ 23%] [32mBuilding CXX object CMakeFiles/data_pretreat_node.dir/src/publisher/odometry_publisher.cpp.o[0m
[ 23%] [32mBuilding CXX object CMakeFiles/test_frame_node.dir/src/models/graph_optimizer/interface_graph_optimizer.cpp.o[0m
[ 23%] [32mBuilding CXX object CMakeFiles/loop_closing_node.dir/src/mapping/viewer/viewer.cpp.o[0m
[ 23%] [32mBuilding CXX object CMakeFiles/test_frame_node.dir/src/models/registration/ndt_registration.cpp.o[0m
[ 23%] [32mBuilding CXX object CMakeFiles/data_pretreat_node.dir/src/publisher/tf_broadcaster.cpp.o[0m
[ 23%] [32mBuilding CXX object CMakeFiles/data_pretreat_node.dir/src/sensor_data/gnss_data.cpp.o[0m
[ 23%] [32mBuilding CXX object CMakeFiles/data_pretreat_node.dir/src/sensor_data/imu_data.cpp.o[0m
[ 23%] [32mBuilding CXX object CMakeFiles/front_end_node.dir/src/mapping/front_end/front_end.cpp.o[0m
[ 24%] [32mBuilding CXX object CMakeFiles/data_pretreat_node.dir/src/sensor_data/key_frame.cpp.o[0m
[ 24%] [32mBuilding CXX object CMakeFiles/data_pretreat_node.dir/src/sensor_data/loop_pose.cpp.o[0m
[ 24%] [32mBuilding CXX object CMakeFiles/data_pretreat_node.dir/src/sensor_data/pose_data.cpp.o[0m
[ 25%] [32mBuilding CXX object CMakeFiles/loop_closing_node.dir/src/mapping/viewer/viewer_flow.cpp.o[0m
[ 25%] [32mBuilding CXX object CMakeFiles/data_pretreat_node.dir/src/sensor_data/velocity_data.cpp.o[0m
[ 26%] [32mBuilding CXX object CMakeFiles/data_pretreat_node.dir/src/subscriber/cloud_subscriber.cpp.o[0m
[ 26%] [32mBuilding CXX object CMakeFiles/data_pretreat_node.dir/src/subscriber/gnss_subscriber.cpp.o[0m
[ 26%] [32mBuilding CXX object CMakeFiles/test_frame_node.dir/src/models/scan_adjust/distortion_adjust.cpp.o[0m
[ 26%] [32mBuilding CXX object CMakeFiles/data_pretreat_node.dir/src/subscriber/imu_subscriber.cpp.o[0m
[ 27%] [32mBuilding CXX object CMakeFiles/data_pretreat_node.dir/src/subscriber/key_frame_subscriber.cpp.o[0m
[ 27%] [32mBuilding CXX object CMakeFiles/data_pretreat_node.dir/src/subscriber/key_frames_subscriber.cpp.o[0m
[ 27%] [32mBuilding CXX object CMakeFiles/data_pretreat_node.dir/src/subscriber/loop_pose_subscriber.cpp.o[0m
[ 27%] [32mBuilding CXX object CMakeFiles/data_pretreat_node.dir/src/subscriber/odometry_subscriber.cpp.o[0m
[ 28%] [32mBuilding CXX object CMakeFiles/data_pretreat_node.dir/src/subscriber/velocity_subscriber.cpp.o[0m
[ 28%] [32mBuilding CXX object CMakeFiles/data_pretreat_node.dir/src/tf_listener/tf_lisener.cpp.o[0m
[ 28%] [32mBuilding CXX object CMakeFiles/data_pretreat_node.dir/src/tools/file_manager.cpp.o[0m
[ 29%] [32mBuilding CXX object CMakeFiles/data_pretreat_node.dir/src/tools/print_info.cpp.o[0m
[ 29%] [32mBuilding CXX object CMakeFiles/matching_node.dir/src/mapping/loop_closing/loop_closing_flow.cpp.o[0m
[ 29%] [32mBuilding CXX object CMakeFiles/loop_closing_node.dir/src/matching/matching.cpp.o[0m
[ 30%] [32mBuilding CXX object CMakeFiles/test_frame_node.dir/src/models/scan_context_manager/key_frames.pb.cpp.o[0m
[ 31%] [32mBuilding CXX object CMakeFiles/matching_node.dir/src/mapping/viewer/viewer.cpp.o[0m
[ 31%] [32mBuilding CXX object CMakeFiles/matching_node.dir/src/mapping/viewer/viewer_flow.cpp.o[0m
[ 32%] [32mBuilding CXX object CMakeFiles/front_end_node.dir/src/mapping/front_end/front_end_flow.cpp.o[0m
[ 32%] [32mBuilding CXX object CMakeFiles/test_frame_node.dir/src/models/scan_context_manager/ring_keys.pb.cpp.o[0m
[ 32%] [32mBuilding CXX object CMakeFiles/test_frame_node.dir/src/models/scan_context_manager/scan_context_manager.cpp.o[0m
[ 32%] [32mBuilding CXX object CMakeFiles/loop_closing_node.dir/src/matching/matching_flow.cpp.o[0m
[ 34%] [32mBuilding CXX object CMakeFiles/test_frame_node.dir/src/models/scan_context_manager/scan_contexts.pb.cpp.o[0m
[ 34%] [32mBuilding CXX object CMakeFiles/test_frame_node.dir/src/publisher/cloud_publisher.cpp.o[0m
[ 34%] [32mBuilding CXX object CMakeFiles/test_frame_node.dir/src/publisher/key_frame_publisher.cpp.o[0m
[ 34%] [32m[1mLinking CXX executable /home/bobododo/GNC/MSF/shenlan-MSF/chapter4/catkin_ws/devel/.private/lidar_localization/lib/lidar_localization/data_pretreat_node[0m
[ 34%] [32mBuilding CXX object CMakeFiles/front_end_node.dir/src/mapping/loop_closing/loop_closing.cpp.o[0m
[ 34%] [32mBuilding CXX object CMakeFiles/test_frame_node.dir/src/publisher/key_frames_publisher.cpp.o[0m
[ 35%] [32mBuilding CXX object CMakeFiles/test_frame_node.dir/src/publisher/loop_pose_publisher.cpp.o[0m
[ 35%] [32mBuilding CXX object CMakeFiles/test_frame_node.dir/src/publisher/odometry_publisher.cpp.o[0m
[ 35%] [32mBuilding CXX object CMakeFiles/test_frame_node.dir/src/publisher/tf_broadcaster.cpp.o[0m
[ 36%] [32mBuilding CXX object CMakeFiles/test_frame_node.dir/src/sensor_data/gnss_data.cpp.o[0m
[ 36%] [32mBuilding CXX object CMakeFiles/front_end_node.dir/src/mapping/loop_closing/loop_closing_flow.cpp.o[0m
[ 36%] [32mBuilding CXX object CMakeFiles/test_frame_node.dir/src/sensor_data/imu_data.cpp.o[0m
[ 36%] [32mBuilding CXX object CMakeFiles/matching_node.dir/src/matching/matching.cpp.o[0m
[ 36%] [32mBuilding CXX object CMakeFiles/test_frame_node.dir/src/sensor_data/key_frame.cpp.o[0m
[ 36%] [32mBuilding CXX object CMakeFiles/test_frame_node.dir/src/sensor_data/loop_pose.cpp.o[0m
[ 37%] [32mBuilding CXX object CMakeFiles/test_frame_node.dir/src/sensor_data/pose_data.cpp.o[0m
[ 37%] [32mBuilding CXX object CMakeFiles/test_frame_node.dir/src/sensor_data/velocity_data.cpp.o[0m
[ 37%] [32mBuilding CXX object CMakeFiles/test_frame_node.dir/src/subscriber/cloud_subscriber.cpp.o[0m
[ 38%] [32mBuilding CXX object CMakeFiles/test_frame_node.dir/src/subscriber/gnss_subscriber.cpp.o[0m
[ 38%] [32mBuilding CXX object CMakeFiles/test_frame_node.dir/src/subscriber/imu_subscriber.cpp.o[0m
[ 38%] [32mBuilding CXX object CMakeFiles/test_frame_node.dir/src/subscriber/key_frame_subscriber.cpp.o[0m
[ 38%] Built target data_pretreat_node
[ 39%] [32mBuilding CXX object CMakeFiles/viewer_node.dir/src/apps/viewer_node.cpp.o[0m
[ 39%] Built target lidar_localization_generate_messages
[ 39%] [32mBuilding CXX object CMakeFiles/back_end_node.dir/src/apps/back_end_node.cpp.o[0m
[ 39%] [32mBuilding CXX object CMakeFiles/back_end_node.dir/src/data_pretreat/data_pretreat_flow.cpp.o[0m
[ 39%] [32mBuilding CXX object CMakeFiles/matching_node.dir/src/matching/matching_flow.cpp.o[0m
[ 39%] [32mBuilding CXX object CMakeFiles/loop_closing_node.dir/src/models/cloud_filter/box_filter.cpp.o[0m
[ 39%] [32mBuilding CXX object CMakeFiles/test_frame_node.dir/src/subscriber/key_frames_subscriber.cpp.o[0m
[ 40%] [32mBuilding CXX object CMakeFiles/test_frame_node.dir/src/subscriber/loop_pose_subscriber.cpp.o[0m
[ 40%] [32mBuilding CXX object CMakeFiles/test_frame_node.dir/src/subscriber/odometry_subscriber.cpp.o[0m
[ 40%] [32mBuilding CXX object CMakeFiles/front_end_node.dir/src/mapping/viewer/viewer.cpp.o[0m
[ 40%] [32mBuilding CXX object CMakeFiles/back_end_node.dir/src/mapping/back_end/back_end.cpp.o[0m
[ 40%] [32mBuilding CXX object CMakeFiles/test_frame_node.dir/src/subscriber/velocity_subscriber.cpp.o[0m
[ 40%] [32mBuilding CXX object CMakeFiles/test_frame_node.dir/src/tf_listener/tf_lisener.cpp.o[0m
[ 41%] [32mBuilding CXX object CMakeFiles/test_frame_node.dir/src/tools/file_manager.cpp.o[0m
[ 41%] [32mBuilding CXX object CMakeFiles/test_frame_node.dir/src/tools/print_info.cpp.o[0m
[ 41%] [32mBuilding CXX object CMakeFiles/viewer_node.dir/src/data_pretreat/data_pretreat_flow.cpp.o[0m
[ 42%] [32mBuilding CXX object CMakeFiles/front_end_node.dir/src/mapping/viewer/viewer_flow.cpp.o[0m
[ 42%] [32mBuilding CXX object CMakeFiles/front_end_node.dir/src/matching/matching.cpp.o[0m
[ 43%] [32mBuilding CXX object CMakeFiles/loop_closing_node.dir/src/models/cloud_filter/no_filter.cpp.o[0m
[ 44%] [32mBuilding CXX object CMakeFiles/matching_node.dir/src/models/cloud_filter/box_filter.cpp.o[0m
[ 44%] [32mBuilding CXX object CMakeFiles/matching_node.dir/src/models/cloud_filter/no_filter.cpp.o[0m
[ 44%] [32m[1mLinking CXX executable /home/bobododo/GNC/MSF/shenlan-MSF/chapter4/catkin_ws/devel/.private/lidar_localization/lib/lidar_localization/test_frame_node[0m
[ 44%] [32mBuilding CXX object CMakeFiles/loop_closing_node.dir/src/models/cloud_filter/voxel_filter.cpp.o[0m
[ 45%] [32mBuilding CXX object CMakeFiles/back_end_node.dir/src/mapping/back_end/back_end_flow.cpp.o[0m
[ 45%] [32mBuilding CXX object CMakeFiles/matching_node.dir/src/models/cloud_filter/voxel_filter.cpp.o[0m
[ 45%] [32mBuilding CXX object CMakeFiles/matching_node.dir/src/models/graph_optimizer/g2o/g2o_graph_optimizer.cpp.o[0m
[ 45%] [32mBuilding CXX object CMakeFiles/back_end_node.dir/src/mapping/front_end/front_end.cpp.o[0m
[ 45%] [32mBuilding CXX object CMakeFiles/loop_closing_node.dir/src/models/graph_optimizer/g2o/g2o_graph_optimizer.cpp.o[0m
[ 45%] [32mBuilding CXX object CMakeFiles/front_end_node.dir/src/matching/matching_flow.cpp.o[0m
[ 46%] [32mBuilding CXX object CMakeFiles/matching_node.dir/src/models/graph_optimizer/interface_graph_optimizer.cpp.o[0m
[ 46%] [32mBuilding CXX object CMakeFiles/matching_node.dir/src/models/registration/ndt_registration.cpp.o[0m
[ 46%] [32mBuilding CXX object CMakeFiles/matching_node.dir/src/models/scan_adjust/distortion_adjust.cpp.o[0m
[ 47%] [32mBuilding CXX object CMakeFiles/matching_node.dir/src/models/scan_context_manager/key_frames.pb.cpp.o[0m
[ 47%] [32mBuilding CXX object CMakeFiles/viewer_node.dir/src/mapping/back_end/back_end.cpp.o[0m
[ 47%] [32mBuilding CXX object CMakeFiles/matching_node.dir/src/models/scan_context_manager/ring_keys.pb.cpp.o[0m
[ 47%] Built target test_frame_node
[ 47%] [32mBuilding CXX object CMakeFiles/matching_node.dir/src/models/scan_context_manager/scan_context_manager.cpp.o[0m
[ 47%] [32mBuilding CXX object CMakeFiles/matching_node.dir/src/models/scan_context_manager/scan_contexts.pb.cpp.o[0m
[ 47%] [32mBuilding CXX object CMakeFiles/front_end_node.dir/src/models/cloud_filter/box_filter.cpp.o[0m
[ 48%] [32mBuilding CXX object CMakeFiles/matching_node.dir/src/publisher/cloud_publisher.cpp.o[0m
[ 48%] [32mBuilding CXX object CMakeFiles/back_end_node.dir/src/mapping/front_end/front_end_flow.cpp.o[0m
[ 48%] [32mBuilding CXX object CMakeFiles/back_end_node.dir/src/mapping/loop_closing/loop_closing.cpp.o[0m
[ 48%] [32mBuilding CXX object CMakeFiles/matching_node.dir/src/publisher/key_frame_publisher.cpp.o[0m
[ 48%] [32mBuilding CXX object CMakeFiles/matching_node.dir/src/publisher/key_frames_publisher.cpp.o[0m
[ 49%] [32mBuilding CXX object CMakeFiles/matching_node.dir/src/publisher/loop_pose_publisher.cpp.o[0m
[ 49%] [32mBuilding CXX object CMakeFiles/matching_node.dir/src/publisher/odometry_publisher.cpp.o[0m
[ 50%] [32mBuilding CXX object CMakeFiles/loop_closing_node.dir/src/models/graph_optimizer/interface_graph_optimizer.cpp.o[0m
[ 51%] [32mBuilding CXX object CMakeFiles/front_end_node.dir/src/models/cloud_filter/no_filter.cpp.o[0m
[ 51%] [32mBuilding CXX object CMakeFiles/matching_node.dir/src/publisher/tf_broadcaster.cpp.o[0m
[ 52%] [32mBuilding CXX object CMakeFiles/back_end_node.dir/src/mapping/loop_closing/loop_closing_flow.cpp.o[0m
[ 52%] [32mBuilding CXX object CMakeFiles/back_end_node.dir/src/mapping/viewer/viewer.cpp.o[0m
[ 52%] [32mBuilding CXX object CMakeFiles/loop_closing_node.dir/src/models/registration/ndt_registration.cpp.o[0m
[ 52%] [32mBuilding CXX object CMakeFiles/front_end_node.dir/src/models/cloud_filter/voxel_filter.cpp.o[0m
[ 52%] [32mBuilding CXX object CMakeFiles/back_end_node.dir/src/mapping/viewer/viewer_flow.cpp.o[0m
[ 52%] [32mBuilding CXX object CMakeFiles/matching_node.dir/src/sensor_data/gnss_data.cpp.o[0m
[ 53%] [32mBuilding CXX object CMakeFiles/matching_node.dir/src/sensor_data/imu_data.cpp.o[0m
[ 53%] [32mBuilding CXX object CMakeFiles/matching_node.dir/src/sensor_data/key_frame.cpp.o[0m
[ 53%] [32mBuilding CXX object CMakeFiles/matching_node.dir/src/sensor_data/loop_pose.cpp.o[0m
[ 53%] [32mBuilding CXX object CMakeFiles/front_end_node.dir/src/models/graph_optimizer/g2o/g2o_graph_optimizer.cpp.o[0m
[ 54%] [32mBuilding CXX object CMakeFiles/matching_node.dir/src/sensor_data/pose_data.cpp.o[0m
[ 54%] [32mBuilding CXX object CMakeFiles/matching_node.dir/src/sensor_data/velocity_data.cpp.o[0m
[ 54%] [32mBuilding CXX object CMakeFiles/matching_node.dir/src/subscriber/cloud_subscriber.cpp.o[0m
[ 54%] [32mBuilding CXX object CMakeFiles/matching_node.dir/src/subscriber/gnss_subscriber.cpp.o[0m
[ 55%] [32mBuilding CXX object CMakeFiles/matching_node.dir/src/subscriber/imu_subscriber.cpp.o[0m
[ 55%] [32mBuilding CXX object CMakeFiles/matching_node.dir/src/subscriber/key_frame_subscriber.cpp.o[0m
[ 56%] [32mBuilding CXX object CMakeFiles/front_end_node.dir/src/models/graph_optimizer/interface_graph_optimizer.cpp.o[0m
[ 56%] [32mBuilding CXX object CMakeFiles/matching_node.dir/src/subscriber/key_frames_subscriber.cpp.o[0m
[ 56%] [32mBuilding CXX object CMakeFiles/viewer_node.dir/src/mapping/back_end/back_end_flow.cpp.o[0m
[ 56%] [32mBuilding CXX object CMakeFiles/front_end_node.dir/src/models/registration/ndt_registration.cpp.o[0m
[ 56%] [32mBuilding CXX object CMakeFiles/matching_node.dir/src/subscriber/loop_pose_subscriber.cpp.o[0m
[ 57%] [32mBuilding CXX object CMakeFiles/matching_node.dir/src/subscriber/odometry_subscriber.cpp.o[0m
[ 58%] [32mBuilding CXX object CMakeFiles/back_end_node.dir/src/matching/matching.cpp.o[0m
[ 58%] [32mBuilding CXX object CMakeFiles/matching_node.dir/src/subscriber/velocity_subscriber.cpp.o[0m
[ 58%] [32mBuilding CXX object CMakeFiles/back_end_node.dir/src/matching/matching_flow.cpp.o[0m
[ 58%] [32mBuilding CXX object CMakeFiles/matching_node.dir/src/tf_listener/tf_lisener.cpp.o[0m
[ 59%] [32mBuilding CXX object CMakeFiles/matching_node.dir/src/tools/file_manager.cpp.o[0m
[ 59%] [32mBuilding CXX object CMakeFiles/matching_node.dir/src/tools/print_info.cpp.o[0m
[ 59%] [32mBuilding CXX object CMakeFiles/front_end_node.dir/src/models/scan_adjust/distortion_adjust.cpp.o[0m
[ 59%] [32mBuilding CXX object CMakeFiles/back_end_node.dir/src/models/cloud_filter/box_filter.cpp.o[0m
[ 59%] [32mBuilding CXX object CMakeFiles/back_end_node.dir/src/models/cloud_filter/no_filter.cpp.o[0m
[ 60%] [32mBuilding CXX object CMakeFiles/back_end_node.dir/src/models/cloud_filter/voxel_filter.cpp.o[0m
[ 60%] [32mBuilding CXX object CMakeFiles/loop_closing_node.dir/src/models/scan_adjust/distortion_adjust.cpp.o[0m
[ 60%] [32mBuilding CXX object CMakeFiles/front_end_node.dir/src/models/scan_context_manager/key_frames.pb.cpp.o[0m
[ 61%] [32mBuilding CXX object CMakeFiles/front_end_node.dir/src/models/scan_context_manager/ring_keys.pb.cpp.o[0m
[ 61%] [32mBuilding CXX object CMakeFiles/back_end_node.dir/src/models/graph_optimizer/g2o/g2o_graph_optimizer.cpp.o[0m
[ 61%] [32m[1mLinking CXX executable /home/bobododo/GNC/MSF/shenlan-MSF/chapter4/catkin_ws/devel/.private/lidar_localization/lib/lidar_localization/matching_node[0m
[ 61%] [32mBuilding CXX object CMakeFiles/front_end_node.dir/src/models/scan_context_manager/scan_context_manager.cpp.o[0m
[ 61%] [32mBuilding CXX object CMakeFiles/front_end_node.dir/src/models/scan_context_manager/scan_contexts.pb.cpp.o[0m
[ 62%] [32mBuilding CXX object CMakeFiles/viewer_node.dir/src/mapping/front_end/front_end.cpp.o[0m
[ 62%] [32mBuilding CXX object CMakeFiles/back_end_node.dir/src/models/graph_optimizer/interface_graph_optimizer.cpp.o[0m
[ 63%] [32mBuilding CXX object CMakeFiles/back_end_node.dir/src/models/registration/ndt_registration.cpp.o[0m
[ 64%] [32mBuilding CXX object CMakeFiles/front_end_node.dir/src/publisher/cloud_publisher.cpp.o[0m
[ 64%] [32mBuilding CXX object CMakeFiles/back_end_node.dir/src/models/scan_adjust/distortion_adjust.cpp.o[0m
[ 64%] [32mBuilding CXX object CMakeFiles/front_end_node.dir/src/publisher/key_frame_publisher.cpp.o[0m
[ 64%] [32mBuilding CXX object CMakeFiles/back_end_node.dir/src/models/scan_context_manager/key_frames.pb.cpp.o[0m
[ 64%] [32mBuilding CXX object CMakeFiles/back_end_node.dir/src/models/scan_context_manager/ring_keys.pb.cpp.o[0m
[ 65%] [32mBuilding CXX object CMakeFiles/back_end_node.dir/src/models/scan_context_manager/scan_context_manager.cpp.o[0m
[ 65%] [32mBuilding CXX object CMakeFiles/loop_closing_node.dir/src/models/scan_context_manager/key_frames.pb.cpp.o[0m
[ 65%] [32mBuilding CXX object CMakeFiles/viewer_node.dir/src/mapping/front_end/front_end_flow.cpp.o[0m
[ 65%] [32mBuilding CXX object CMakeFiles/back_end_node.dir/src/models/scan_context_manager/scan_contexts.pb.cpp.o[0m
[ 65%] [32mBuilding CXX object CMakeFiles/back_end_node.dir/src/publisher/cloud_publisher.cpp.o[0m
[ 65%] [32mBuilding CXX object CMakeFiles/front_end_node.dir/src/publisher/key_frames_publisher.cpp.o[0m
[ 67%] [32mBuilding CXX object CMakeFiles/loop_closing_node.dir/src/models/scan_context_manager/ring_keys.pb.cpp.o[0m
[ 68%] [32mBuilding CXX object CMakeFiles/back_end_node.dir/src/publisher/key_frame_publisher.cpp.o[0m
[ 68%] Built target matching_node
[ 68%] [32mBuilding CXX object CMakeFiles/back_end_node.dir/src/publisher/key_frames_publisher.cpp.o[0m
[ 68%] [32mBuilding CXX object CMakeFiles/loop_closing_node.dir/src/models/scan_context_manager/scan_context_manager.cpp.o[0m
[ 68%] [32mBuilding CXX object CMakeFiles/front_end_node.dir/src/publisher/loop_pose_publisher.cpp.o[0m
[ 69%] [32mBuilding CXX object CMakeFiles/front_end_node.dir/src/publisher/odometry_publisher.cpp.o[0m
[ 69%] [32mBuilding CXX object CMakeFiles/back_end_node.dir/src/publisher/loop_pose_publisher.cpp.o[0m
[ 69%] [32mBuilding CXX object CMakeFiles/back_end_node.dir/src/publisher/odometry_publisher.cpp.o[0m
[ 70%] [32mBuilding CXX object CMakeFiles/back_end_node.dir/src/publisher/tf_broadcaster.cpp.o[0m
[ 70%] [32mBuilding CXX object CMakeFiles/back_end_node.dir/src/sensor_data/gnss_data.cpp.o[0m
[ 70%] [32mBuilding CXX object CMakeFiles/back_end_node.dir/src/sensor_data/imu_data.cpp.o[0m
[ 70%] [32mBuilding CXX object CMakeFiles/front_end_node.dir/src/publisher/tf_broadcaster.cpp.o[0m
[ 70%] [32mBuilding CXX object CMakeFiles/back_end_node.dir/src/sensor_data/key_frame.cpp.o[0m
[ 71%] [32mBuilding CXX object CMakeFiles/back_end_node.dir/src/sensor_data/loop_pose.cpp.o[0m
[ 71%] [32mBuilding CXX object CMakeFiles/front_end_node.dir/src/sensor_data/gnss_data.cpp.o[0m
[ 71%] [32mBuilding CXX object CMakeFiles/back_end_node.dir/src/sensor_data/pose_data.cpp.o[0m
[ 72%] [32mBuilding CXX object CMakeFiles/front_end_node.dir/src/sensor_data/imu_data.cpp.o[0m
[ 72%] [32mBuilding CXX object CMakeFiles/back_end_node.dir/src/sensor_data/velocity_data.cpp.o[0m
[ 73%] [32mBuilding CXX object CMakeFiles/back_end_node.dir/src/subscriber/cloud_subscriber.cpp.o[0m
[ 73%] [32mBuilding CXX object CMakeFiles/back_end_node.dir/src/subscriber/gnss_subscriber.cpp.o[0m
[ 73%] [32mBuilding CXX object CMakeFiles/back_end_node.dir/src/subscriber/imu_subscriber.cpp.o[0m
[ 73%] [32mBuilding CXX object CMakeFiles/viewer_node.dir/src/mapping/loop_closing/loop_closing.cpp.o[0m
[ 73%] [32mBuilding CXX object CMakeFiles/front_end_node.dir/src/sensor_data/key_frame.cpp.o[0m
[ 73%] [32mBuilding CXX object CMakeFiles/back_end_node.dir/src/subscriber/key_frame_subscriber.cpp.o[0m
[ 74%] [32mBuilding CXX object CMakeFiles/back_end_node.dir/src/subscriber/key_frames_subscriber.cpp.o[0m
[ 75%] [32mBuilding CXX object CMakeFiles/viewer_node.dir/src/mapping/loop_closing/loop_closing_flow.cpp.o[0m
[ 75%] [32mBuilding CXX object CMakeFiles/back_end_node.dir/src/subscriber/loop_pose_subscriber.cpp.o[0m
[ 75%] [32mBuilding CXX object CMakeFiles/loop_closing_node.dir/src/models/scan_context_manager/scan_contexts.pb.cpp.o[0m
[ 75%] [32mBuilding CXX object CMakeFiles/front_end_node.dir/src/sensor_data/loop_pose.cpp.o[0m
[ 75%] [32mBuilding CXX object CMakeFiles/front_end_node.dir/src/sensor_data/pose_data.cpp.o[0m
[ 76%] [32mBuilding CXX object CMakeFiles/loop_closing_node.dir/src/publisher/cloud_publisher.cpp.o[0m
[ 77%] [32mBuilding CXX object CMakeFiles/front_end_node.dir/src/sensor_data/velocity_data.cpp.o[0m
[ 77%] [32mBuilding CXX object CMakeFiles/back_end_node.dir/src/subscriber/odometry_subscriber.cpp.o[0m
[ 77%] [32mBuilding CXX object CMakeFiles/front_end_node.dir/src/subscriber/cloud_subscriber.cpp.o[0m
[ 77%] [32mBuilding CXX object CMakeFiles/front_end_node.dir/src/subscriber/gnss_subscriber.cpp.o[0m
[ 78%] [32mBuilding CXX object CMakeFiles/back_end_node.dir/src/subscriber/velocity_subscriber.cpp.o[0m
[ 78%] [32mBuilding CXX object CMakeFiles/back_end_node.dir/src/tf_listener/tf_lisener.cpp.o[0m
[ 78%] [32mBuilding CXX object CMakeFiles/back_end_node.dir/src/tools/file_manager.cpp.o[0m
[ 78%] [32mBuilding CXX object CMakeFiles/back_end_node.dir/src/tools/print_info.cpp.o[0m
[ 78%] [32mBuilding CXX object CMakeFiles/front_end_node.dir/src/subscriber/imu_subscriber.cpp.o[0m
[ 79%] [32mBuilding CXX object CMakeFiles/front_end_node.dir/src/subscriber/key_frame_subscriber.cpp.o[0m
[ 79%] [32mBuilding CXX object CMakeFiles/front_end_node.dir/src/subscriber/key_frames_subscriber.cpp.o[0m
[ 79%] [32mBuilding CXX object CMakeFiles/front_end_node.dir/src/subscriber/loop_pose_subscriber.cpp.o[0m
[ 80%] [32mBuilding CXX object CMakeFiles/front_end_node.dir/src/subscriber/odometry_subscriber.cpp.o[0m
[ 80%] [32mBuilding CXX object CMakeFiles/front_end_node.dir/src/subscriber/velocity_subscriber.cpp.o[0m
[ 80%] [32mBuilding CXX object CMakeFiles/front_end_node.dir/src/tf_listener/tf_lisener.cpp.o[0m
[ 80%] [32mBuilding CXX object CMakeFiles/front_end_node.dir/src/tools/file_manager.cpp.o[0m
[ 81%] [32mBuilding CXX object CMakeFiles/front_end_node.dir/src/tools/print_info.cpp.o[0m
[ 81%] [32mBuilding CXX object CMakeFiles/viewer_node.dir/src/mapping/viewer/viewer.cpp.o[0m
[ 81%] [32mBuilding CXX object CMakeFiles/loop_closing_node.dir/src/publisher/key_frame_publisher.cpp.o[0m
[ 81%] [32mBuilding CXX object CMakeFiles/loop_closing_node.dir/src/publisher/key_frames_publisher.cpp.o[0m
[ 82%] [32m[1mLinking CXX executable /home/bobododo/GNC/MSF/shenlan-MSF/chapter4/catkin_ws/devel/.private/lidar_localization/lib/lidar_localization/back_end_node[0m
[ 82%] [32mBuilding CXX object CMakeFiles/loop_closing_node.dir/src/publisher/loop_pose_publisher.cpp.o[0m
[ 83%] [32mBuilding CXX object CMakeFiles/loop_closing_node.dir/src/publisher/odometry_publisher.cpp.o[0m
[ 83%] [32mBuilding CXX object CMakeFiles/loop_closing_node.dir/src/publisher/tf_broadcaster.cpp.o[0m
[ 83%] [32mBuilding CXX object CMakeFiles/loop_closing_node.dir/src/sensor_data/gnss_data.cpp.o[0m
[ 84%] [32mBuilding CXX object CMakeFiles/loop_closing_node.dir/src/sensor_data/imu_data.cpp.o[0m
[ 84%] [32mBuilding CXX object CMakeFiles/loop_closing_node.dir/src/sensor_data/key_frame.cpp.o[0m
[ 84%] [32mBuilding CXX object CMakeFiles/loop_closing_node.dir/src/sensor_data/loop_pose.cpp.o[0m
[ 84%] [32mBuilding CXX object CMakeFiles/loop_closing_node.dir/src/sensor_data/pose_data.cpp.o[0m
[ 85%] [32mBuilding CXX object CMakeFiles/loop_closing_node.dir/src/sensor_data/velocity_data.cpp.o[0m
[ 85%] [32mBuilding CXX object CMakeFiles/loop_closing_node.dir/src/subscriber/cloud_subscriber.cpp.o[0m
[ 85%] [32mBuilding CXX object CMakeFiles/loop_closing_node.dir/src/subscriber/gnss_subscriber.cpp.o[0m
[ 85%] [32mBuilding CXX object CMakeFiles/loop_closing_node.dir/src/subscriber/imu_subscriber.cpp.o[0m
[ 86%] [32mBuilding CXX object CMakeFiles/loop_closing_node.dir/src/subscriber/key_frame_subscriber.cpp.o[0m
[ 86%] [32mBuilding CXX object CMakeFiles/loop_closing_node.dir/src/subscriber/key_frames_subscriber.cpp.o[0m
[ 86%] [32m[1mLinking CXX executable /home/bobododo/GNC/MSF/shenlan-MSF/chapter4/catkin_ws/devel/.private/lidar_localization/lib/lidar_localization/front_end_node[0m
[ 86%] [32mBuilding CXX object CMakeFiles/loop_closing_node.dir/src/subscriber/loop_pose_subscriber.cpp.o[0m
[ 86%] [32mBuilding CXX object CMakeFiles/viewer_node.dir/src/mapping/viewer/viewer_flow.cpp.o[0m
[ 86%] [32mBuilding CXX object CMakeFiles/viewer_node.dir/src/matching/matching.cpp.o[0m
[ 87%] [32mBuilding CXX object CMakeFiles/loop_closing_node.dir/src/subscriber/odometry_subscriber.cpp.o[0m
[ 87%] [32mBuilding CXX object CMakeFiles/loop_closing_node.dir/src/subscriber/velocity_subscriber.cpp.o[0m
[ 87%] [32mBuilding CXX object CMakeFiles/loop_closing_node.dir/src/tf_listener/tf_lisener.cpp.o[0m
[ 87%] [32mBuilding CXX object CMakeFiles/loop_closing_node.dir/src/tools/file_manager.cpp.o[0m
[ 88%] [32mBuilding CXX object CMakeFiles/loop_closing_node.dir/src/tools/print_info.cpp.o[0m
[ 89%] [32mBuilding CXX object CMakeFiles/viewer_node.dir/src/matching/matching_flow.cpp.o[0m
[ 89%] [32mBuilding CXX object CMakeFiles/viewer_node.dir/src/models/cloud_filter/box_filter.cpp.o[0m
[ 89%] [32mBuilding CXX object CMakeFiles/viewer_node.dir/src/models/cloud_filter/no_filter.cpp.o[0m
[ 89%] Built target back_end_node
[ 90%] [32mBuilding CXX object CMakeFiles/viewer_node.dir/src/models/cloud_filter/voxel_filter.cpp.o[0m
[ 90%] [32mBuilding CXX object CMakeFiles/viewer_node.dir/src/models/graph_optimizer/g2o/g2o_graph_optimizer.cpp.o[0m
[ 90%] [32mBuilding CXX object CMakeFiles/viewer_node.dir/src/models/graph_optimizer/interface_graph_optimizer.cpp.o[0m
[ 90%] [32mBuilding CXX object CMakeFiles/viewer_node.dir/src/models/registration/ndt_registration.cpp.o[0m
[ 91%] [32mBuilding CXX object CMakeFiles/viewer_node.dir/src/models/scan_adjust/distortion_adjust.cpp.o[0m
[ 91%] [32mBuilding CXX object CMakeFiles/viewer_node.dir/src/models/scan_context_manager/key_frames.pb.cpp.o[0m
[ 91%] [32m[1mLinking CXX executable /home/bobododo/GNC/MSF/shenlan-MSF/chapter4/catkin_ws/devel/.private/lidar_localization/lib/lidar_localization/loop_closing_node[0m
[ 91%] Built target front_end_node
[ 91%] [32mBuilding CXX object CMakeFiles/viewer_node.dir/src/models/scan_context_manager/ring_keys.pb.cpp.o[0m
[ 91%] [32mBuilding CXX object CMakeFiles/viewer_node.dir/src/models/scan_context_manager/scan_context_manager.cpp.o[0m
[ 92%] [32mBuilding CXX object CMakeFiles/viewer_node.dir/src/models/scan_context_manager/scan_contexts.pb.cpp.o[0m
[ 92%] [32mBuilding CXX object CMakeFiles/viewer_node.dir/src/publisher/cloud_publisher.cpp.o[0m
[ 92%] [32mBuilding CXX object CMakeFiles/viewer_node.dir/src/publisher/key_frame_publisher.cpp.o[0m
[ 93%] [32mBuilding CXX object CMakeFiles/viewer_node.dir/src/publisher/key_frames_publisher.cpp.o[0m
[ 93%] [32mBuilding CXX object CMakeFiles/viewer_node.dir/src/publisher/loop_pose_publisher.cpp.o[0m
[ 93%] [32mBuilding CXX object CMakeFiles/viewer_node.dir/src/publisher/odometry_publisher.cpp.o[0m
[ 93%] [32mBuilding CXX object CMakeFiles/viewer_node.dir/src/publisher/tf_broadcaster.cpp.o[0m
[ 94%] [32mBuilding CXX object CMakeFiles/viewer_node.dir/src/sensor_data/gnss_data.cpp.o[0m
[ 94%] [32mBuilding CXX object CMakeFiles/viewer_node.dir/src/sensor_data/imu_data.cpp.o[0m
[ 94%] [32mBuilding CXX object CMakeFiles/viewer_node.dir/src/sensor_data/key_frame.cpp.o[0m
[ 95%] [32mBuilding CXX object CMakeFiles/viewer_node.dir/src/sensor_data/loop_pose.cpp.o[0m
[ 95%] [32mBuilding CXX object CMakeFiles/viewer_node.dir/src/sensor_data/pose_data.cpp.o[0m
[ 95%] [32mBuilding CXX object CMakeFiles/viewer_node.dir/src/sensor_data/velocity_data.cpp.o[0m
[ 95%] [32mBuilding CXX object CMakeFiles/viewer_node.dir/src/subscriber/cloud_subscriber.cpp.o[0m
[ 96%] [32mBuilding CXX object CMakeFiles/viewer_node.dir/src/subscriber/gnss_subscriber.cpp.o[0m
[ 96%] [32mBuilding CXX object CMakeFiles/viewer_node.dir/src/subscriber/imu_subscriber.cpp.o[0m
[ 96%] [32mBuilding CXX object CMakeFiles/viewer_node.dir/src/subscriber/key_frame_subscriber.cpp.o[0m
[ 97%] [32mBuilding CXX object CMakeFiles/viewer_node.dir/src/subscriber/key_frames_subscriber.cpp.o[0m
[ 97%] [32mBuilding CXX object CMakeFiles/viewer_node.dir/src/subscriber/loop_pose_subscriber.cpp.o[0m
[ 97%] [32mBuilding CXX object CMakeFiles/viewer_node.dir/src/subscriber/odometry_subscriber.cpp.o[0m
[ 97%] [32mBuilding CXX object CMakeFiles/viewer_node.dir/src/subscriber/velocity_subscriber.cpp.o[0m
[ 98%] [32mBuilding CXX object CMakeFiles/viewer_node.dir/src/tf_listener/tf_lisener.cpp.o[0m
[ 98%] Built target loop_closing_node
[ 98%] [32mBuilding CXX object CMakeFiles/viewer_node.dir/src/tools/file_manager.cpp.o[0m
[ 98%] [32mBuilding CXX object CMakeFiles/viewer_node.dir/src/tools/print_info.cpp.o[0m
[100%] [32m[1mLinking CXX executable /home/bobododo/GNC/MSF/shenlan-MSF/chapter4/catkin_ws/devel/.private/lidar_localization/lib/lidar_localization/viewer_node[0m
[100%] Built target viewer_node
