[  0%] Built target nodelet_generate_messages_nodejs
[  0%] Built target pcl_msgs_generate_messages_eus
[  0%] Built target pcl_msgs_generate_messages_cpp
[  0%] Built target bond_generate_messages_py
[  0%] Built target bond_generate_messages_nodejs
[  0%] Built target bond_generate_messages_lisp
[  0%] Built target bond_generate_messages_eus
[  0%] Built target geometry_msgs_generate_messages_lisp
[  0%] Built target sensor_msgs_generate_messages_nodejs
[  0%] Built target roscpp_generate_messages_cpp
[  0%] Built target actionlib_generate_messages_cpp
[  0%] Built target topic_tools_generate_messages_nodejs
[  0%] Built target pcl_ros_gencfg
[  0%] Built target topic_tools_generate_messages_lisp
[  0%] Built target std_srvs_generate_messages_lisp
[  0%] Built target topic_tools_generate_messages_eus
[  0%] Built target topic_tools_generate_messages_cpp
[  0%] Built target rosgraph_msgs_generate_messages_cpp
[  0%] Built target std_srvs_generate_messages_py
[  0%] Built target std_srvs_generate_messages_nodejs
[  0%] Built target geometry_msgs_generate_messages_cpp
[  0%] Built target actionlib_generate_messages_lisp
[  0%] Built target nodelet_generate_messages_cpp
[  0%] Built target std_msgs_generate_messages_nodejs
[  0%] Built target sensor_msgs_generate_messages_eus
[  0%] Built target sensor_msgs_generate_messages_cpp
[  0%] Built target dynamic_reconfigure_generate_messages_cpp
[  0%] Built target tf_generate_messages_py
[  0%] Built target std_msgs_generate_messages_cpp
[  0%] Built target sensor_msgs_generate_messages_py
[  0%] Built target nodelet_generate_messages_py
[  0%] Built target nodelet_topic_tools_gencfg
[  0%] Built target topic_tools_generate_messages_py
[  0%] Built target actionlib_msgs_generate_messages_nodejs
[  0%] Built target nav_msgs_generate_messages_nodejs
[  0%] Built target geometry_msgs_generate_messages_nodejs
[  0%] Built target std_srvs_generate_messages_eus
[  0%] Built target roscpp_generate_messages_lisp
[  0%] Built target std_msgs_generate_messages_lisp
[  0%] Built target roscpp_generate_messages_nodejs
[  0%] Built target geometry_msgs_generate_messages_eus
[  0%] Built target std_msgs_generate_messages_py
[  0%] Built target roscpp_generate_messages_py
[  0%] Built target std_srvs_generate_messages_cpp
[  0%] Built target rosgraph_msgs_generate_messages_eus
[  0%] Built target rosgraph_msgs_generate_messages_lisp
[  0%] Built target std_msgs_generate_messages_eus
[  0%] Built target rosgraph_msgs_generate_messages_nodejs
[  0%] Built target geometry_msgs_generate_messages_py
[  0%] Built target sensor_msgs_generate_messages_lisp
[  0%] Built target nav_msgs_generate_messages_cpp
[  0%] Built target pcl_msgs_generate_messages_nodejs
[  0%] Built target nav_msgs_generate_messages_lisp
[  0%] Built target roscpp_generate_messages_eus
[  0%] Built target rosgraph_msgs_generate_messages_py
[  0%] Built target actionlib_msgs_generate_messages_eus
[  0%] Built target nodelet_generate_messages_lisp
[  0%] Built target actionlib_msgs_generate_messages_lisp
[  0%] Built target actionlib_msgs_generate_messages_py
[  0%] Built target actionlib_msgs_generate_messages_cpp
[  0%] Built target tf_generate_messages_eus
[  0%] Built target bond_generate_messages_cpp
[  0%] Built target tf_generate_messages_lisp
[  0%] Built target tf_generate_messages_nodejs
[  0%] Built target pcl_msgs_generate_messages_py
[  0%] Built target actionlib_generate_messages_eus
[  0%] Built target pcl_msgs_generate_messages_lisp
[  0%] Built target tf_generate_messages_cpp
[  0%] Built target actionlib_generate_messages_nodejs
[  0%] Built target tf2_msgs_generate_messages_cpp
[  0%] Built target _lidar_localization_generate_messages_check_deps_saveMap
[  1%] Built target lidar_localization_generate_messages_cpp
[  1%] Built target nav_msgs_generate_messages_eus
[  1%] Built target tf2_msgs_generate_messages_eus
[  1%] Built target dynamic_reconfigure_gencfg
[  1%] Built target nav_msgs_generate_messages_py
[  1%] Built target tf2_msgs_generate_messages_lisp
[  1%] Built target actionlib_generate_messages_py
[  1%] Built target tf2_msgs_generate_messages_py
[  1%] Built target tf2_msgs_generate_messages_nodejs
[  1%] Built target dynamic_reconfigure_generate_messages_eus
[  1%] Built target dynamic_reconfigure_generate_messages_lisp
[  1%] Built target dynamic_reconfigure_generate_messages_nodejs
[  1%] Built target dynamic_reconfigure_generate_messages_py
[  1%] Built target nodelet_generate_messages_eus
[35m[1mConsolidate compiler generated dependencies of target aloam_mapping_node[0m
[ 24%] Built target aloam_mapping_node
[35m[1mConsolidate compiler generated dependencies of target aloam_laser_odometry_node[0m
[ 47%] Built target aloam_laser_odometry_node
[35m[1mConsolidate compiler generated dependencies of target aloam_scan_registration_node[0m
[ 70%] Built target aloam_scan_registration_node
[ 72%] Built target lidar_localization_generate_messages_py
[ 73%] Built target lidar_localization_generate_messages_nodejs
[ 74%] Built target lidar_localization_generate_messages_lisp
[ 77%] Built target lidar_localization_generate_messages_eus
[ 77%] Built target lidar_localization_generate_messages
[35m[1mConsolidate compiler generated dependencies of target evaluation_node[0m
[100%] Built target evaluation_node
[36mInstall the project...[0m
-- Install configuration: "Release"
-- Up-to-date: /home/bobododo/GNC/MSF/shenlan-MSF/chapter3/catkin_ws2/install/_setup_util.py
-- Up-to-date: /home/bobododo/GNC/MSF/shenlan-MSF/chapter3/catkin_ws2/install/env.sh
-- Up-to-date: /home/bobododo/GNC/MSF/shenlan-MSF/chapter3/catkin_ws2/install/setup.bash
-- Up-to-date: /home/bobododo/GNC/MSF/shenlan-MSF/chapter3/catkin_ws2/install/local_setup.bash
-- Up-to-date: /home/bobododo/GNC/MSF/shenlan-MSF/chapter3/catkin_ws2/install/setup.sh
-- Up-to-date: /home/bobododo/GNC/MSF/shenlan-MSF/chapter3/catkin_ws2/install/local_setup.sh
-- Up-to-date: /home/bobododo/GNC/MSF/shenlan-MSF/chapter3/catkin_ws2/install/setup.zsh
-- Up-to-date: /home/bobododo/GNC/MSF/shenlan-MSF/chapter3/catkin_ws2/install/local_setup.zsh
-- Up-to-date: /home/bobododo/GNC/MSF/shenlan-MSF/chapter3/catkin_ws2/install/.rosinstall
-- Installing: /home/bobododo/GNC/MSF/shenlan-MSF/chapter3/catkin_ws2/install/share/lidar_localization/srv/saveMap.srv
-- Installing: /home/bobododo/GNC/MSF/shenlan-MSF/chapter3/catkin_ws2/install/share/lidar_localization/cmake/lidar_localization-msg-paths.cmake
-- Installing: /home/bobododo/GNC/MSF/shenlan-MSF/chapter3/catkin_ws2/install/include/lidar_localization
-- Installing: /home/bobododo/GNC/MSF/shenlan-MSF/chapter3/catkin_ws2/install/include/lidar_localization/saveMap.h
-- Installing: /home/bobododo/GNC/MSF/shenlan-MSF/chapter3/catkin_ws2/install/include/lidar_localization/saveMapResponse.h
-- Installing: /home/bobododo/GNC/MSF/shenlan-MSF/chapter3/catkin_ws2/install/include/lidar_localization/saveMapRequest.h
-- Installing: /home/bobododo/GNC/MSF/shenlan-MSF/chapter3/catkin_ws2/install/share/roseus/ros/lidar_localization
-- Installing: /home/bobododo/GNC/MSF/shenlan-MSF/chapter3/catkin_ws2/install/share/roseus/ros/lidar_localization/srv
-- Installing: /home/bobododo/GNC/MSF/shenlan-MSF/chapter3/catkin_ws2/install/share/roseus/ros/lidar_localization/srv/saveMap.l
-- Installing: /home/bobododo/GNC/MSF/shenlan-MSF/chapter3/catkin_ws2/install/share/roseus/ros/lidar_localization/manifest.l
-- Installing: /home/bobododo/GNC/MSF/shenlan-MSF/chapter3/catkin_ws2/install/share/common-lisp/ros/lidar_localization
-- Installing: /home/bobododo/GNC/MSF/shenlan-MSF/chapter3/catkin_ws2/install/share/common-lisp/ros/lidar_localization/srv
-- Installing: /home/bobododo/GNC/MSF/shenlan-MSF/chapter3/catkin_ws2/install/share/common-lisp/ros/lidar_localization/srv/_package.lisp
-- Installing: /home/bobododo/GNC/MSF/shenlan-MSF/chapter3/catkin_ws2/install/share/common-lisp/ros/lidar_localization/srv/_package_saveMap.lisp
-- Installing: /home/bobododo/GNC/MSF/shenlan-MSF/chapter3/catkin_ws2/install/share/common-lisp/ros/lidar_localization/srv/saveMap.lisp
-- Installing: /home/bobododo/GNC/MSF/shenlan-MSF/chapter3/catkin_ws2/install/share/common-lisp/ros/lidar_localization/srv/lidar_localization-srv.asd
-- Installing: /home/bobododo/GNC/MSF/shenlan-MSF/chapter3/catkin_ws2/install/share/gennodejs/ros/lidar_localization
-- Installing: /home/bobododo/GNC/MSF/shenlan-MSF/chapter3/catkin_ws2/install/share/gennodejs/ros/lidar_localization/srv
-- Installing: /home/bobododo/GNC/MSF/shenlan-MSF/chapter3/catkin_ws2/install/share/gennodejs/ros/lidar_localization/srv/saveMap.js
-- Installing: /home/bobododo/GNC/MSF/shenlan-MSF/chapter3/catkin_ws2/install/share/gennodejs/ros/lidar_localization/srv/_index.js
-- Installing: /home/bobododo/GNC/MSF/shenlan-MSF/chapter3/catkin_ws2/install/share/gennodejs/ros/lidar_localization/_index.js
Listing /home/bobododo/GNC/MSF/shenlan-MSF/chapter3/catkin_ws2/devel/.private/lidar_localization/lib/python2.7/dist-packages/lidar_localization ...
Compiling /home/bobododo/GNC/MSF/shenlan-MSF/chapter3/catkin_ws2/devel/.private/lidar_localization/lib/python2.7/dist-packages/lidar_localization/__init__.py ...
Listing /home/bobododo/GNC/MSF/shenlan-MSF/chapter3/catkin_ws2/devel/.private/lidar_localization/lib/python2.7/dist-packages/lidar_localization/srv ...
Compiling /home/bobododo/GNC/MSF/shenlan-MSF/chapter3/catkin_ws2/devel/.private/lidar_localization/lib/python2.7/dist-packages/lidar_localization/srv/__init__.py ...
Compiling /home/bobododo/GNC/MSF/shenlan-MSF/chapter3/catkin_ws2/devel/.private/lidar_localization/lib/python2.7/dist-packages/lidar_localization/srv/_saveMap.py ...
-- Installing: /home/bobododo/GNC/MSF/shenlan-MSF/chapter3/catkin_ws2/install/lib/python2.7/dist-packages/lidar_localization
-- Installing: /home/bobododo/GNC/MSF/shenlan-MSF/chapter3/catkin_ws2/install/lib/python2.7/dist-packages/lidar_localization/srv
-- Installing: /home/bobododo/GNC/MSF/shenlan-MSF/chapter3/catkin_ws2/install/lib/python2.7/dist-packages/lidar_localization/srv/_saveMap.pyc
-- Installing: /home/bobododo/GNC/MSF/shenlan-MSF/chapter3/catkin_ws2/install/lib/python2.7/dist-packages/lidar_localization/srv/__init__.py
-- Installing: /home/bobododo/GNC/MSF/shenlan-MSF/chapter3/catkin_ws2/install/lib/python2.7/dist-packages/lidar_localization/srv/__init__.pyc
-- Installing: /home/bobododo/GNC/MSF/shenlan-MSF/chapter3/catkin_ws2/install/lib/python2.7/dist-packages/lidar_localization/srv/_saveMap.py
-- Installing: /home/bobododo/GNC/MSF/shenlan-MSF/chapter3/catkin_ws2/install/lib/python2.7/dist-packages/lidar_localization/__init__.py
-- Installing: /home/bobododo/GNC/MSF/shenlan-MSF/chapter3/catkin_ws2/install/lib/python2.7/dist-packages/lidar_localization/__init__.pyc
-- Installing: /home/bobododo/GNC/MSF/shenlan-MSF/chapter3/catkin_ws2/install/lib/pkgconfig/lidar_localization.pc
-- Installing: /home/bobododo/GNC/MSF/shenlan-MSF/chapter3/catkin_ws2/install/share/lidar_localization/cmake/lidar_localization-msg-extras.cmake
-- Installing: /home/bobododo/GNC/MSF/shenlan-MSF/chapter3/catkin_ws2/install/share/lidar_localization/cmake/lidar_localizationConfig.cmake
-- Installing: /home/bobododo/GNC/MSF/shenlan-MSF/chapter3/catkin_ws2/install/share/lidar_localization/cmake/lidar_localizationConfig-version.cmake
-- Installing: /home/bobododo/GNC/MSF/shenlan-MSF/chapter3/catkin_ws2/install/share/lidar_localization/package.xml
-- Installing: /home/bobododo/GNC/MSF/shenlan-MSF/chapter3/catkin_ws2/install/lib/lidar_localization/aloam_scan_registration_node
-- Set runtime path of "/home/bobododo/GNC/MSF/shenlan-MSF/chapter3/catkin_ws2/install/lib/lidar_localization/aloam_scan_registration_node" to ""
-- Installing: /home/bobododo/GNC/MSF/shenlan-MSF/chapter3/catkin_ws2/install/lib/lidar_localization/aloam_laser_odometry_node
-- Set runtime path of "/home/bobododo/GNC/MSF/shenlan-MSF/chapter3/catkin_ws2/install/lib/lidar_localization/aloam_laser_odometry_node" to ""
-- Installing: /home/bobododo/GNC/MSF/shenlan-MSF/chapter3/catkin_ws2/install/lib/lidar_localization/aloam_mapping_node
-- Set runtime path of "/home/bobododo/GNC/MSF/shenlan-MSF/chapter3/catkin_ws2/install/lib/lidar_localization/aloam_mapping_node" to ""
-- Installing: /home/bobododo/GNC/MSF/shenlan-MSF/chapter3/catkin_ws2/install/lib/lidar_localization/evaluation_node
-- Set runtime path of "/home/bobododo/GNC/MSF/shenlan-MSF/chapter3/catkin_ws2/install/lib/lidar_localization/evaluation_node" to ""
-- Up-to-date: /home/bobododo/GNC/MSF/shenlan-MSF/chapter3/catkin_ws2/install/include/lidar_localization
-- Installing: /home/bobododo/GNC/MSF/shenlan-MSF/chapter3/catkin_ws2/install/include/lidar_localization/lidar_localization
-- Installing: /home/bobododo/GNC/MSF/shenlan-MSF/chapter3/catkin_ws2/install/include/lidar_localization/lidar_localization/global_defination
-- Installing: /home/bobododo/GNC/MSF/shenlan-MSF/chapter3/catkin_ws2/install/include/lidar_localization/lidar_localization/publisher
-- Installing: /home/bobododo/GNC/MSF/shenlan-MSF/chapter3/catkin_ws2/install/include/lidar_localization/lidar_localization/subscriber
-- Installing: /home/bobododo/GNC/MSF/shenlan-MSF/chapter3/catkin_ws2/install/include/lidar_localization/lidar_localization/tools
-- Installing: /home/bobododo/GNC/MSF/shenlan-MSF/chapter3/catkin_ws2/install/include/lidar_localization/lidar_localization/utils
-- Installing: /home/bobododo/GNC/MSF/shenlan-MSF/chapter3/catkin_ws2/install/include/lidar_localization/lidar_localization/utils/common.h
-- Installing: /home/bobododo/GNC/MSF/shenlan-MSF/chapter3/catkin_ws2/install/include/lidar_localization/lidar_localization/utils/tic_toc.h
-- Installing: /home/bobododo/GNC/MSF/shenlan-MSF/chapter3/catkin_ws2/install/include/lidar_localization/lidar_localization/models
-- Installing: /home/bobododo/GNC/MSF/shenlan-MSF/chapter3/catkin_ws2/install/include/lidar_localization/lidar_localization/models/cloud_filter
-- Installing: /home/bobododo/GNC/MSF/shenlan-MSF/chapter3/catkin_ws2/install/include/lidar_localization/lidar_localization/models/registration
-- Installing: /home/bobododo/GNC/MSF/shenlan-MSF/chapter3/catkin_ws2/install/include/lidar_localization/lidar_localization/models/loam
-- Installing: /home/bobododo/GNC/MSF/shenlan-MSF/chapter3/catkin_ws2/install/include/lidar_localization/lidar_localization/tf_listener
-- Installing: /home/bobododo/GNC/MSF/shenlan-MSF/chapter3/catkin_ws2/install/include/lidar_localization/lidar_localization/evaluation
-- Installing: /home/bobododo/GNC/MSF/shenlan-MSF/chapter3/catkin_ws2/install/include/lidar_localization/lidar_localization/sensor_data
-- Installing: /home/bobododo/GNC/MSF/shenlan-MSF/chapter3/catkin_ws2/install/share/lidar_localization/launch
-- Installing: /home/bobododo/GNC/MSF/shenlan-MSF/chapter3/catkin_ws2/install/share/lidar_localization/launch/front_end.launch
-- Installing: /home/bobododo/GNC/MSF/shenlan-MSF/chapter3/catkin_ws2/install/share/lidar_localization/config
-- Installing: /home/bobododo/GNC/MSF/shenlan-MSF/chapter3/catkin_ws2/install/share/lidar_localization/config/dataset
-- Installing: /home/bobododo/GNC/MSF/shenlan-MSF/chapter3/catkin_ws2/install/share/lidar_localization/config/dataset/config.yaml
-- Installing: /home/bobododo/GNC/MSF/shenlan-MSF/chapter3/catkin_ws2/install/share/lidar_localization/config/front_end
-- Installing: /home/bobododo/GNC/MSF/shenlan-MSF/chapter3/catkin_ws2/install/share/lidar_localization/config/front_end/config.yaml
-- Installing: /home/bobododo/GNC/MSF/shenlan-MSF/chapter3/catkin_ws2/install/share/lidar_localization/rviz
-- Installing: /home/bobododo/GNC/MSF/shenlan-MSF/chapter3/catkin_ws2/install/share/lidar_localization/rviz/front_end.rviz
