Determining if the pthread_create exist failed with the following output:
Change Dir: /home/bobododo/GNC/MSF/shenlan-MSF/chapter3/catkin_ws2/src/lidar_localization/cmake-build-debug/CMakeFiles/CMakeTmp

Run Build Command(s):/usr/bin/make cmTC_4db33/fast 
/usr/bin/make -f CMakeFiles/cmTC_4db33.dir/build.make CMakeFiles/cmTC_4db33.dir/build
make[1]: 进入目录“/home/bobododo/GNC/MSF/shenlan-MSF/chapter3/catkin_ws2/src/lidar_localization/cmake-build-debug/CMakeFiles/CMakeTmp”
Building C object CMakeFiles/cmTC_4db33.dir/CheckSymbolExists.c.o
/usr/bin/cc    -o CMakeFiles/cmTC_4db33.dir/CheckSymbolExists.c.o   -c /home/bobododo/GNC/MSF/shenlan-MSF/chapter3/catkin_ws2/src/lidar_localization/cmake-build-debug/CMakeFiles/CMakeTmp/CheckSymbolExists.c
Linking C executable cmTC_4db33
/home/bobododo/install/clion-2019.1.4/bin/cmake/linux/bin/cmake -E cmake_link_script CMakeFiles/cmTC_4db33.dir/link.txt --verbose=1
/usr/bin/cc      CMakeFiles/cmTC_4db33.dir/CheckSymbolExists.c.o  -o cmTC_4db33 
CMakeFiles/cmTC_4db33.dir/CheckSymbolExists.c.o：在函数‘main’中：
CheckSymbolExists.c:(.text+0x1b)：对‘pthread_create’未定义的引用
collect2: error: ld returned 1 exit status
CMakeFiles/cmTC_4db33.dir/build.make:86: recipe for target 'cmTC_4db33' failed
make[1]: *** [cmTC_4db33] Error 1
make[1]: 离开目录“/home/bobododo/GNC/MSF/shenlan-MSF/chapter3/catkin_ws2/src/lidar_localization/cmake-build-debug/CMakeFiles/CMakeTmp”
Makefile:121: recipe for target 'cmTC_4db33/fast' failed
make: *** [cmTC_4db33/fast] Error 2

File /home/bobododo/GNC/MSF/shenlan-MSF/chapter3/catkin_ws2/src/lidar_localization/cmake-build-debug/CMakeFiles/CMakeTmp/CheckSymbolExists.c:
/* */
#include <pthread.h>

int main(int argc, char** argv)
{
  (void)argv;
#ifndef pthread_create
  return ((int*)(&pthread_create))[argc];
#else
  (void)argc;
  return 0;
#endif
}

Determining if the function pthread_create exists in the pthreads failed with the following output:
Change Dir: /home/bobododo/GNC/MSF/shenlan-MSF/chapter3/catkin_ws2/src/lidar_localization/cmake-build-debug/CMakeFiles/CMakeTmp

Run Build Command(s):/usr/bin/make cmTC_ce7ad/fast 
/usr/bin/make -f CMakeFiles/cmTC_ce7ad.dir/build.make CMakeFiles/cmTC_ce7ad.dir/build
make[1]: 进入目录“/home/bobododo/GNC/MSF/shenlan-MSF/chapter3/catkin_ws2/src/lidar_localization/cmake-build-debug/CMakeFiles/CMakeTmp”
Building C object CMakeFiles/cmTC_ce7ad.dir/CheckFunctionExists.c.o
/usr/bin/cc   -DCHECK_FUNCTION_EXISTS=pthread_create   -o CMakeFiles/cmTC_ce7ad.dir/CheckFunctionExists.c.o   -c /home/bobododo/install/clion-2019.1.4/bin/cmake/linux/share/cmake-3.14/Modules/CheckFunctionExists.c
Linking C executable cmTC_ce7ad
/home/bobododo/install/clion-2019.1.4/bin/cmake/linux/bin/cmake -E cmake_link_script CMakeFiles/cmTC_ce7ad.dir/link.txt --verbose=1
/usr/bin/cc  -DCHECK_FUNCTION_EXISTS=pthread_create    CMakeFiles/cmTC_ce7ad.dir/CheckFunctionExists.c.o  -o cmTC_ce7ad -lpthreads 
/usr/bin/ld: 找不到 -lpthreads
collect2: error: ld returned 1 exit status
CMakeFiles/cmTC_ce7ad.dir/build.make:86: recipe for target 'cmTC_ce7ad' failed
make[1]: *** [cmTC_ce7ad] Error 1
make[1]: 离开目录“/home/bobododo/GNC/MSF/shenlan-MSF/chapter3/catkin_ws2/src/lidar_localization/cmake-build-debug/CMakeFiles/CMakeTmp”
Makefile:121: recipe for target 'cmTC_ce7ad/fast' failed
make: *** [cmTC_ce7ad/fast] Error 2


