Symlinking /home/bobododo/GNC/MSF/chapter3/catkin_ws/devel/lib/pkgconfig/lidar_localization.pc
Symlinking /home/bobododo/GNC/MSF/chapter3/catkin_ws/devel/lib/lidar_localization/evaluation_node
Symlinking /home/bobododo/GNC/MSF/chapter3/catkin_ws/devel/lib/lidar_localization/aloam_mapping_node
Symlinking /home/bobododo/GNC/MSF/chapter3/catkin_ws/devel/lib/lidar_localization/aloam_laser_odometry_node
Symlinking /home/bobododo/GNC/MSF/chapter3/catkin_ws/devel/lib/lidar_localization/aloam_scan_registration_node
Symlinking /home/bobododo/GNC/MSF/chapter3/catkin_ws/devel/lib/python2.7/dist-packages/lidar_localization/__init__.py
Symlinking /home/bobododo/GNC/MSF/chapter3/catkin_ws/devel/lib/python2.7/dist-packages/lidar_localization/srv/__init__.py
Symlinking /home/bobododo/GNC/MSF/chapter3/catkin_ws/devel/lib/python2.7/dist-packages/lidar_localization/srv/_saveMap.py
Symlinking /home/bobododo/GNC/MSF/chapter3/catkin_ws/devel/share/roseus/ros/lidar_localization/manifest.l
Symlinking /home/bobododo/GNC/MSF/chapter3/catkin_ws/devel/share/roseus/ros/lidar_localization/srv/saveMap.l
Symlinking /home/bobododo/GNC/MSF/chapter3/catkin_ws/devel/share/common-lisp/ros/lidar_localization/srv/_package.lisp
Symlinking /home/bobododo/GNC/MSF/chapter3/catkin_ws/devel/share/common-lisp/ros/lidar_localization/srv/_package_saveMap.lisp
Symlinking /home/bobododo/GNC/MSF/chapter3/catkin_ws/devel/share/common-lisp/ros/lidar_localization/srv/saveMap.lisp
Symlinking /home/bobododo/GNC/MSF/chapter3/catkin_ws/devel/share/common-lisp/ros/lidar_localization/srv/lidar_localization-srv.asd
Symlinking /home/bobododo/GNC/MSF/chapter3/catkin_ws/devel/share/lidar_localization/cmake/lidar_localizationConfig.cmake
Symlinking /home/bobododo/GNC/MSF/chapter3/catkin_ws/devel/share/lidar_localization/cmake/lidar_localization-msg-extras.cmake
Symlinking /home/bobododo/GNC/MSF/chapter3/catkin_ws/devel/share/lidar_localization/cmake/lidar_localizationConfig-version.cmake
Symlinking /home/bobododo/GNC/MSF/chapter3/catkin_ws/devel/share/lidar_localization/cmake/lidar_localization-msg-paths.cmake
Symlinking /home/bobododo/GNC/MSF/chapter3/catkin_ws/devel/share/gennodejs/ros/lidar_localization/_index.js
Symlinking /home/bobododo/GNC/MSF/chapter3/catkin_ws/devel/share/gennodejs/ros/lidar_localization/srv/saveMap.js
Symlinking /home/bobododo/GNC/MSF/chapter3/catkin_ws/devel/share/gennodejs/ros/lidar_localization/srv/_index.js
Symlinking /home/bobododo/GNC/MSF/chapter3/catkin_ws/devel/include/lidar_localization/saveMap.h
Symlinking /home/bobododo/GNC/MSF/chapter3/catkin_ws/devel/include/lidar_localization/saveMapResponse.h
Symlinking /home/bobododo/GNC/MSF/chapter3/catkin_ws/devel/include/lidar_localization/saveMapRequest.h
